2023-01-18 18:18:05,565 [Worker-2: Loading available Gradle versions] INFO  o.e.b.c.i.u.g.PublishedGradleVersions - Gradle version information cache is out-of-date. Trying to update.
2023-01-18 18:19:17,328 [Worker-2: Loading available Gradle versions] INFO  o.e.b.c.i.u.g.PublishedGradleVersions - Gradle version information cache is up-to-date. Trying to read.
2023-01-18 19:45:14,815 [Worker-1: Import Getting Started Content] INFO  o.e.m.c.i.l.LifecycleMappingFactory - Using org.eclipse.m2e.jdt.JarLifecycleMapping lifecycle mapping for MavenProject: com.mballem.curso.boot:demo-mvc:0.0.1-SNAPSHOT @ C:\Users\keity\OneDrive\햞ea de Trabalho\SpringBoot Thymeleaf Udemy\demo-mvc\pom.xml.
2023-01-18 19:45:18,400 [Worker-1: Import Getting Started Content] INFO  o.e.m.c.i.e.AbstractTransferListenerAdapter - Downloading https://repo.maven.apache.org/maven2/org/springframework/boot/spring-boot-starter-thymeleaf/3.0.1/spring-boot-starter-thymeleaf-3.0.1.pom
2023-01-18 19:45:18,695 [Worker-1: Import Getting Started Content] INFO  o.e.m.c.i.e.AbstractTransferListenerAdapter - Downloaded https://repo.maven.apache.org/maven2/org/springframework/boot/spring-boot-starter-thymeleaf/3.0.1/spring-boot-starter-thymeleaf-3.0.1.pom
2023-01-18 19:45:18,868 [Worker-1: Import Getting Started Content] INFO  o.e.m.c.i.e.AbstractTransferListenerAdapter - Downloading https://repo.maven.apache.org/maven2/org/thymeleaf/thymeleaf-spring6/3.1.1.RELEASE/thymeleaf-spring6-3.1.1.RELEASE.pom
2023-01-18 19:45:19,063 [Worker-1: Import Getting Started Content] INFO  o.e.m.c.i.e.AbstractTransferListenerAdapter - Downloaded https://repo.maven.apache.org/maven2/org/thymeleaf/thymeleaf-spring6/3.1.1.RELEASE/thymeleaf-spring6-3.1.1.RELEASE.pom
2023-01-18 19:45:19,219 [Worker-1: Import Getting Started Content] INFO  o.e.m.c.i.e.AbstractTransferListenerAdapter - Downloading https://repo.maven.apache.org/maven2/org/thymeleaf/thymeleaf-lib/3.1.1.RELEASE/thymeleaf-lib-3.1.1.RELEASE.pom
2023-01-18 19:45:19,436 [Worker-1: Import Getting Started Content] INFO  o.e.m.c.i.e.AbstractTransferListenerAdapter - Downloaded https://repo.maven.apache.org/maven2/org/thymeleaf/thymeleaf-lib/3.1.1.RELEASE/thymeleaf-lib-3.1.1.RELEASE.pom
2023-01-18 19:45:19,591 [Worker-1: Import Getting Started Content] INFO  o.e.m.c.i.e.AbstractTransferListenerAdapter - Downloading https://repo.maven.apache.org/maven2/org/thymeleaf/thymeleaf-parent/3.1.1.RELEASE/thymeleaf-parent-3.1.1.RELEASE.pom
2023-01-18 19:45:19,833 [Worker-1: Import Getting Started Content] INFO  o.e.m.c.i.e.AbstractTransferListenerAdapter - Downloaded https://repo.maven.apache.org/maven2/org/thymeleaf/thymeleaf-parent/3.1.1.RELEASE/thymeleaf-parent-3.1.1.RELEASE.pom
2023-01-18 19:45:20,045 [Worker-1: Import Getting Started Content] INFO  o.e.m.c.i.e.AbstractTransferListenerAdapter - Downloading https://repo.maven.apache.org/maven2/org/thymeleaf/thymeleaf/3.1.1.RELEASE/thymeleaf-3.1.1.RELEASE.pom
2023-01-18 19:45:20,249 [Worker-1: Import Getting Started Content] INFO  o.e.m.c.i.e.AbstractTransferListenerAdapter - Downloaded https://repo.maven.apache.org/maven2/org/thymeleaf/thymeleaf/3.1.1.RELEASE/thymeleaf-3.1.1.RELEASE.pom
2023-01-18 19:45:20,413 [Worker-1: Import Getting Started Content] INFO  o.e.m.c.i.e.AbstractTransferListenerAdapter - Downloading https://repo.maven.apache.org/maven2/org/attoparser/attoparser/2.0.6.RELEASE/attoparser-2.0.6.RELEASE.pom
2023-01-18 19:45:20,616 [Worker-1: Import Getting Started Content] INFO  o.e.m.c.i.e.AbstractTransferListenerAdapter - Downloaded https://repo.maven.apache.org/maven2/org/attoparser/attoparser/2.0.6.RELEASE/attoparser-2.0.6.RELEASE.pom
2023-01-18 19:45:20,782 [Worker-1: Import Getting Started Content] INFO  o.e.m.c.i.e.AbstractTransferListenerAdapter - Downloading https://repo.maven.apache.org/maven2/org/unbescape/unbescape/1.1.6.RELEASE/unbescape-1.1.6.RELEASE.pom
2023-01-18 19:45:21,037 [Worker-1: Import Getting Started Content] INFO  o.e.m.c.i.e.AbstractTransferListenerAdapter - Downloaded https://repo.maven.apache.org/maven2/org/unbescape/unbescape/1.1.6.RELEASE/unbescape-1.1.6.RELEASE.pom
2023-01-18 19:45:22,022 [Worker-1: Import Getting Started Content] INFO  o.e.m.c.i.e.AbstractTransferListenerAdapter - Downloading https://repo.maven.apache.org/maven2/org/springframework/boot/spring-boot-devtools/3.0.1/spring-boot-devtools-3.0.1.pom
2023-01-18 19:45:22,212 [Worker-1: Import Getting Started Content] INFO  o.e.m.c.i.e.AbstractTransferListenerAdapter - Downloaded https://repo.maven.apache.org/maven2/org/springframework/boot/spring-boot-devtools/3.0.1/spring-boot-devtools-3.0.1.pom
2023-01-18 19:45:23,452 [AetherRepositoryConnector-repo.maven.apache.org-0-1] INFO  o.e.m.c.i.e.AbstractTransferListenerAdapter - Downloading https://repo.maven.apache.org/maven2/org/thymeleaf/thymeleaf-spring6/3.1.1.RELEASE/thymeleaf-spring6-3.1.1.RELEASE.jar
2023-01-18 19:45:23,617 [AetherRepositoryConnector-repo.maven.apache.org-0-0] INFO  o.e.m.c.i.e.AbstractTransferListenerAdapter - Downloading https://repo.maven.apache.org/maven2/org/springframework/boot/spring-boot-starter-thymeleaf/3.0.1/spring-boot-starter-thymeleaf-3.0.1.jar
2023-01-18 19:45:23,617 [AetherRepositoryConnector-repo.maven.apache.org-0-3] INFO  o.e.m.c.i.e.AbstractTransferListenerAdapter - Downloading https://repo.maven.apache.org/maven2/org/attoparser/attoparser/2.0.6.RELEASE/attoparser-2.0.6.RELEASE.jar
2023-01-18 19:45:23,617 [AetherRepositoryConnector-repo.maven.apache.org-0-4] INFO  o.e.m.c.i.e.AbstractTransferListenerAdapter - Downloading https://repo.maven.apache.org/maven2/org/unbescape/unbescape/1.1.6.RELEASE/unbescape-1.1.6.RELEASE.jar
2023-01-18 19:45:23,617 [AetherRepositoryConnector-repo.maven.apache.org-0-2] INFO  o.e.m.c.i.e.AbstractTransferListenerAdapter - Downloading https://repo.maven.apache.org/maven2/org/thymeleaf/thymeleaf/3.1.1.RELEASE/thymeleaf-3.1.1.RELEASE.jar
2023-01-18 19:45:24,165 [AetherRepositoryConnector-repo.maven.apache.org-0-0] INFO  o.e.m.c.i.e.AbstractTransferListenerAdapter - Downloaded https://repo.maven.apache.org/maven2/org/springframework/boot/spring-boot-starter-thymeleaf/3.0.1/spring-boot-starter-thymeleaf-3.0.1.jar
2023-01-18 19:45:24,326 [AetherRepositoryConnector-repo.maven.apache.org-0-0] INFO  o.e.m.c.i.e.AbstractTransferListenerAdapter - Downloading https://repo.maven.apache.org/maven2/org/springframework/boot/spring-boot-devtools/3.0.1/spring-boot-devtools-3.0.1.jar
2023-01-18 19:45:24,383 [AetherRepositoryConnector-repo.maven.apache.org-0-1] INFO  o.e.m.c.i.e.AbstractTransferListenerAdapter - Downloaded https://repo.maven.apache.org/maven2/org/thymeleaf/thymeleaf-spring6/3.1.1.RELEASE/thymeleaf-spring6-3.1.1.RELEASE.jar
2023-01-18 19:45:24,402 [AetherRepositoryConnector-repo.maven.apache.org-0-3] INFO  o.e.m.c.i.e.AbstractTransferListenerAdapter - Downloaded https://repo.maven.apache.org/maven2/org/attoparser/attoparser/2.0.6.RELEASE/attoparser-2.0.6.RELEASE.jar
2023-01-18 19:45:24,419 [AetherRepositoryConnector-repo.maven.apache.org-0-4] INFO  o.e.m.c.i.e.AbstractTransferListenerAdapter - Downloaded https://repo.maven.apache.org/maven2/org/unbescape/unbescape/1.1.6.RELEASE/unbescape-1.1.6.RELEASE.jar
2023-01-18 19:45:24,550 [AetherRepositoryConnector-repo.maven.apache.org-0-2] INFO  o.e.m.c.i.e.AbstractTransferListenerAdapter - Downloaded https://repo.maven.apache.org/maven2/org/thymeleaf/thymeleaf/3.1.1.RELEASE/thymeleaf-3.1.1.RELEASE.jar
2023-01-18 19:45:24,732 [AetherRepositoryConnector-repo.maven.apache.org-0-0] INFO  o.e.m.c.i.e.AbstractTransferListenerAdapter - Downloaded https://repo.maven.apache.org/maven2/org/springframework/boot/spring-boot-devtools/3.0.1/spring-boot-devtools-3.0.1.jar
2023-01-18 19:45:30,938 [Worker-1: Import Getting Started Content] INFO  o.e.m.j.i.AbstractJavaProjectConfigurator - Adding source folder /demo-mvc/src/main/java
2023-01-18 19:45:30,939 [Worker-1: Import Getting Started Content] INFO  o.e.m.j.i.AbstractJavaProjectConfigurator - Adding resource folder /demo-mvc/src/main/resources
2023-01-18 19:45:30,953 [Worker-1: Import Getting Started Content] INFO  o.e.m.j.i.AbstractJavaProjectConfigurator - Adding resource folder /demo-mvc/src/main/resources
2023-01-18 19:45:30,968 [Worker-1: Import Getting Started Content] INFO  o.e.m.j.i.AbstractJavaProjectConfigurator - Adding source folder /demo-mvc/src/test/java
2023-01-18 19:45:31,801 [Worker-9: Download sources and javadoc] INFO  o.e.m.c.i.e.AbstractTransferListenerAdapter - Downloading https://repo.maven.apache.org/maven2/org/springframework/boot/spring-boot-starter-thymeleaf/3.0.1/spring-boot-starter-thymeleaf-3.0.1-sources.jar
2023-01-18 19:45:32,199 [Worker-9: Download sources and javadoc] INFO  o.e.m.c.i.e.AbstractTransferListenerAdapter - Downloaded https://repo.maven.apache.org/maven2/org/springframework/boot/spring-boot-starter-thymeleaf/3.0.1/spring-boot-starter-thymeleaf-3.0.1-sources.jar
2023-01-18 19:45:32,206 [Worker-9: Download sources and javadoc] INFO  o.e.m.j.internal.DownloadSourcesJob - Downloaded sources for org.springframework.boot:spring-boot-starter-thymeleaf:3.0.1
2023-01-18 19:45:32,786 [Worker-9: Download sources and javadoc] INFO  o.e.m.c.i.e.AbstractTransferListenerAdapter - Downloading https://repo.maven.apache.org/maven2/org/thymeleaf/thymeleaf-spring6/3.1.1.RELEASE/thymeleaf-spring6-3.1.1.RELEASE-sources.jar
2023-01-18 19:45:33,286 [Worker-9: Download sources and javadoc] INFO  o.e.m.c.i.e.AbstractTransferListenerAdapter - Downloaded https://repo.maven.apache.org/maven2/org/thymeleaf/thymeleaf-spring6/3.1.1.RELEASE/thymeleaf-spring6-3.1.1.RELEASE-sources.jar
2023-01-18 19:45:33,294 [Worker-9: Download sources and javadoc] INFO  o.e.m.j.internal.DownloadSourcesJob - Downloaded sources for org.thymeleaf:thymeleaf-spring6:3.1.1.RELEASE
2023-01-18 19:45:33,876 [Worker-9: Download sources and javadoc] INFO  o.e.m.c.i.e.AbstractTransferListenerAdapter - Downloading https://repo.maven.apache.org/maven2/org/thymeleaf/thymeleaf/3.1.1.RELEASE/thymeleaf-3.1.1.RELEASE-sources.jar
2023-01-18 19:45:34,821 [Worker-9: Download sources and javadoc] INFO  o.e.m.c.i.e.AbstractTransferListenerAdapter - Downloaded https://repo.maven.apache.org/maven2/org/thymeleaf/thymeleaf/3.1.1.RELEASE/thymeleaf-3.1.1.RELEASE-sources.jar
2023-01-18 19:45:34,828 [Worker-9: Download sources and javadoc] INFO  o.e.m.j.internal.DownloadSourcesJob - Downloaded sources for org.thymeleaf:thymeleaf:3.1.1.RELEASE
2023-01-18 19:45:35,460 [Worker-9: Download sources and javadoc] INFO  o.e.m.c.i.e.AbstractTransferListenerAdapter - Downloading https://repo.maven.apache.org/maven2/org/attoparser/attoparser/2.0.6.RELEASE/attoparser-2.0.6.RELEASE-sources.jar
2023-01-18 19:45:35,964 [Worker-9: Download sources and javadoc] INFO  o.e.m.c.i.e.AbstractTransferListenerAdapter - Downloaded https://repo.maven.apache.org/maven2/org/attoparser/attoparser/2.0.6.RELEASE/attoparser-2.0.6.RELEASE-sources.jar
2023-01-18 19:45:35,970 [Worker-9: Download sources and javadoc] INFO  o.e.m.j.internal.DownloadSourcesJob - Downloaded sources for org.attoparser:attoparser:2.0.6.RELEASE
2023-01-18 19:45:36,540 [Worker-9: Download sources and javadoc] INFO  o.e.m.c.i.e.AbstractTransferListenerAdapter - Downloading https://repo.maven.apache.org/maven2/org/unbescape/unbescape/1.1.6.RELEASE/unbescape-1.1.6.RELEASE-sources.jar
2023-01-18 19:45:37,031 [Worker-9: Download sources and javadoc] INFO  o.e.m.c.i.e.AbstractTransferListenerAdapter - Downloaded https://repo.maven.apache.org/maven2/org/unbescape/unbescape/1.1.6.RELEASE/unbescape-1.1.6.RELEASE-sources.jar
2023-01-18 19:45:37,037 [Worker-9: Download sources and javadoc] INFO  o.e.m.j.internal.DownloadSourcesJob - Downloaded sources for org.unbescape:unbescape:1.1.6.RELEASE
2023-01-18 19:45:37,633 [Worker-9: Download sources and javadoc] INFO  o.e.m.c.i.e.AbstractTransferListenerAdapter - Downloading https://repo.maven.apache.org/maven2/org/springframework/boot/spring-boot-devtools/3.0.1/spring-boot-devtools-3.0.1-sources.jar
2023-01-18 19:45:38,117 [Worker-9: Download sources and javadoc] INFO  o.e.m.c.i.e.AbstractTransferListenerAdapter - Downloaded https://repo.maven.apache.org/maven2/org/springframework/boot/spring-boot-devtools/3.0.1/spring-boot-devtools-3.0.1-sources.jar
2023-01-18 19:45:38,126 [Worker-9: Download sources and javadoc] INFO  o.e.m.j.internal.DownloadSourcesJob - Downloaded sources for org.springframework.boot:spring-boot-devtools:3.0.1
2023-01-18 19:45:40,607 [Worker-1: Import Getting Started Content] INFO  o.e.m.c.i.p.ProjectConfigurationManager - Imported and configured 1 project(s) in 36 sec
2023-01-18 19:45:40,619 [Worker-1: Import Getting Started Content] INFO  o.e.m.c.i.p.ProjectConfigurationManager - Update started
2023-01-18 19:45:41,721 [Worker-1: Import Getting Started Content] INFO  o.e.m.c.i.l.LifecycleMappingFactory - Using org.eclipse.m2e.jdt.JarLifecycleMapping lifecycle mapping for MavenProject: com.mballem.curso.boot:demo-mvc:0.0.1-SNAPSHOT @ C:\Users\keity\OneDrive\햞ea de Trabalho\SpringBoot Thymeleaf Udemy\demo-mvc\pom.xml.
2023-01-18 19:45:43,102 [Worker-1: Import Getting Started Content] INFO  o.e.m.j.i.AbstractJavaProjectConfigurator - Adding source folder /demo-mvc/src/main/java
2023-01-18 19:45:43,103 [Worker-1: Import Getting Started Content] INFO  o.e.m.j.i.AbstractJavaProjectConfigurator - Adding resource folder /demo-mvc/src/main/resources
2023-01-18 19:45:43,105 [Worker-1: Import Getting Started Content] INFO  o.e.m.j.i.AbstractJavaProjectConfigurator - Adding resource folder /demo-mvc/src/main/resources
2023-01-18 19:45:43,107 [Worker-1: Import Getting Started Content] INFO  o.e.m.j.i.AbstractJavaProjectConfigurator - Adding source folder /demo-mvc/src/test/java
2023-01-18 19:45:45,263 [Worker-1: Import Getting Started Content] INFO  o.e.m.c.i.p.ProjectConfigurationManager - Update completed: 4 sec
2023-01-18 19:45:47,829 [Worker-11: Building] INFO  o.a.m.s.f.DefaultMavenResourcesFiltering - Copying 1 resource
2023-01-18 19:45:47,870 [Worker-11: Building] INFO  o.a.m.s.f.DefaultMavenResourcesFiltering - Copying 0 resource
2023-01-18 19:45:47,878 [Worker-11: Building] INFO  o.a.m.s.f.DefaultMavenResourcesFiltering - skip non existing resourceDirectory C:\Users\keity\OneDrive\햞ea de Trabalho\SpringBoot Thymeleaf Udemy\demo-mvc\src\test\resources
2023-01-18 20:06:16,548 [Worker-16: Building] INFO  o.a.m.s.f.DefaultMavenResourcesFiltering - Copying 0 resource
2023-01-18 20:06:16,563 [Worker-16: Building] INFO  o.a.m.s.f.DefaultMavenResourcesFiltering - Copying 7 resources
2023-01-18 20:06:16,607 [Worker-16: Building] INFO  o.a.m.s.f.DefaultMavenResourcesFiltering - skip non existing resourceDirectory C:\Users\keity\OneDrive\햞ea de Trabalho\SpringBoot Thymeleaf Udemy\demo-mvc\src\test\resources
2023-01-18 20:13:49,048 [Worker-17: Building] INFO  o.a.m.s.f.DefaultMavenResourcesFiltering - Copying 0 resource
2023-01-18 20:13:49,050 [Worker-17: Building] INFO  o.a.m.s.f.DefaultMavenResourcesFiltering - Copying 3 resources
2023-01-18 20:13:49,076 [Worker-17: Building] INFO  o.a.m.s.f.DefaultMavenResourcesFiltering - skip non existing resourceDirectory C:\Users\keity\OneDrive\햞ea de Trabalho\SpringBoot Thymeleaf Udemy\demo-mvc\src\test\resources
2023-01-18 20:31:37,010 [Worker-15: Building] INFO  o.a.m.s.f.DefaultMavenResourcesFiltering - Copying 1 resource
2023-01-18 20:31:37,273 [Worker-15: Building] INFO  o.a.m.s.f.DefaultMavenResourcesFiltering - Copying 10 resources
2023-01-18 20:31:37,311 [Worker-15: Building] INFO  o.a.m.s.f.DefaultMavenResourcesFiltering - skip non existing resourceDirectory C:\Users\keity\OneDrive\햞ea de Trabalho\SpringBoot Thymeleaf Udemy\demo-mvc\src\test\resources
2023-01-18 20:38:12,709 [Worker-17: Building] INFO  o.a.m.s.f.DefaultMavenResourcesFiltering - Copying 1 resource
2023-01-18 20:38:13,332 [Worker-17: Building] INFO  o.a.m.s.f.DefaultMavenResourcesFiltering - Copying 10 resources
2023-01-18 20:38:13,380 [Worker-17: Building] INFO  o.a.m.s.f.DefaultMavenResourcesFiltering - skip non existing resourceDirectory C:\Users\keity\OneDrive\햞ea de Trabalho\SpringBoot Thymeleaf Udemy\demo-mvc\src\test\resources
2023-01-18 20:43:25,085 [Worker-23: Launching demo-mvc - DemoMvcApplication] INFO  o.a.m.s.f.DefaultMavenResourcesFiltering - Copying 1 resource
2023-01-18 20:43:25,125 [Worker-23: Launching demo-mvc - DemoMvcApplication] INFO  o.a.m.s.f.DefaultMavenResourcesFiltering - Copying 10 resources
2023-01-18 20:43:25,143 [Worker-23: Launching demo-mvc - DemoMvcApplication] INFO  o.a.m.s.f.DefaultMavenResourcesFiltering - skip non existing resourceDirectory C:\Users\keity\OneDrive\햞ea de Trabalho\SpringBoot Thymeleaf Udemy\demo-mvc\src\test\resources
2023-01-18 20:47:26,681 [Worker-28: Building] INFO  o.e.m.c.i.l.LifecycleMappingFactory - Using org.eclipse.m2e.jdt.JarLifecycleMapping lifecycle mapping for MavenProject: com.mballem.curso.boot:demo-mvc:0.0.1-SNAPSHOT @ C:\Users\keity\OneDrive\햞ea de Trabalho\SpringBoot Thymeleaf Udemy\demo-mvc\pom.xml.
2023-01-18 20:47:29,110 [Worker-28: Building] INFO  o.a.m.s.f.DefaultMavenResourcesFiltering - Copying 0 resource
2023-01-18 20:47:29,111 [Worker-28: Building] INFO  o.a.m.s.f.DefaultMavenResourcesFiltering - Copying 0 resource
2023-01-18 20:47:29,119 [Worker-28: Building] INFO  o.a.m.s.f.DefaultMavenResourcesFiltering - skip non existing resourceDirectory C:\Users\keity\OneDrive\햞ea de Trabalho\SpringBoot Thymeleaf Udemy\demo-mvc\src\test\resources
2023-01-18 20:47:30,410 [Worker-25: Launching demo-mvc - DemoMvcApplication] INFO  o.a.m.s.f.DefaultMavenResourcesFiltering - Copying 1 resource
2023-01-18 20:47:30,456 [Worker-25: Launching demo-mvc - DemoMvcApplication] INFO  o.a.m.s.f.DefaultMavenResourcesFiltering - Copying 10 resources
2023-01-18 20:47:30,572 [Worker-25: Launching demo-mvc - DemoMvcApplication] INFO  o.a.m.s.f.DefaultMavenResourcesFiltering - skip non existing resourceDirectory C:\Users\keity\OneDrive\햞ea de Trabalho\SpringBoot Thymeleaf Udemy\demo-mvc\src\test\resources
2023-01-18 21:13:02,327 [Worker-34: Building] INFO  o.e.m.c.i.l.LifecycleMappingFactory - Using org.eclipse.m2e.jdt.JarLifecycleMapping lifecycle mapping for MavenProject: com.mballem.curso.boot:demo-mvc:0.0.1-SNAPSHOT @ C:\Users\keity\OneDrive\햞ea de Trabalho\SpringBoot Thymeleaf Udemy\demo-mvc\pom.xml.
2023-01-18 21:13:03,581 [Worker-34: Building] INFO  o.a.m.s.f.DefaultMavenResourcesFiltering - Copying 0 resource
2023-01-18 21:13:03,582 [Worker-34: Building] INFO  o.a.m.s.f.DefaultMavenResourcesFiltering - Copying 0 resource
2023-01-18 21:13:03,592 [Worker-34: Building] INFO  o.a.m.s.f.DefaultMavenResourcesFiltering - skip non existing resourceDirectory C:\Users\keity\OneDrive\햞ea de Trabalho\SpringBoot Thymeleaf Udemy\demo-mvc\src\test\resources
2023-01-18 21:13:05,300 [Worker-39: Download sources and javadoc] INFO  o.e.m.c.i.e.AbstractTransferListenerAdapter - Downloading https://repo.maven.apache.org/maven2/org/webjars/npm/jquery/3.1.1/jquery-3.1.1-sources.jar
2023-01-18 21:13:05,686 [Worker-39: Download sources and javadoc] INFO  o.e.m.c.i.e.AbstractTransferListenerAdapter - Downloaded https://repo.maven.apache.org/maven2/org/webjars/npm/jquery/3.1.1/jquery-3.1.1-sources.jar
2023-01-18 21:13:05,692 [Worker-39: Download sources and javadoc] INFO  o.e.m.j.internal.DownloadSourcesJob - Downloaded sources for org.webjars.npm:jquery:3.1.1
2023-01-18 21:13:06,341 [Worker-39: Download sources and javadoc] INFO  o.e.m.c.i.e.AbstractTransferListenerAdapter - Downloading https://repo.maven.apache.org/maven2/org/webjars/npm/github-com-transferwise-bootstrap/5.0.6/github-com-transferwise-bootstrap-5.0.6-sources.jar
2023-01-18 21:13:06,798 [Worker-39: Download sources and javadoc] INFO  o.e.m.c.i.e.AbstractTransferListenerAdapter - Downloaded https://repo.maven.apache.org/maven2/org/webjars/npm/github-com-transferwise-bootstrap/5.0.6/github-com-transferwise-bootstrap-5.0.6-sources.jar
2023-01-18 21:13:06,814 [Worker-39: Download sources and javadoc] INFO  o.e.m.j.internal.DownloadSourcesJob - Downloaded sources for org.webjars.npm:github-com-transferwise-bootstrap:5.0.6
2023-01-18 21:13:10,147 [Worker-36: Building] INFO  o.a.m.s.f.DefaultMavenResourcesFiltering - Copying 1 resource
2023-01-18 21:13:10,410 [Worker-36: Building] INFO  o.a.m.s.f.DefaultMavenResourcesFiltering - Copying 10 resources
2023-01-18 21:13:10,692 [Worker-36: Building] INFO  o.a.m.s.f.DefaultMavenResourcesFiltering - skip non existing resourceDirectory C:\Users\keity\OneDrive\햞ea de Trabalho\SpringBoot Thymeleaf Udemy\demo-mvc\src\test\resources
2023-01-18 21:17:58,833 [Worker-43: Building] INFO  o.e.m.c.i.l.LifecycleMappingFactory - Using org.eclipse.m2e.jdt.JarLifecycleMapping lifecycle mapping for MavenProject: com.mballem.curso.boot:demo-mvc:0.0.1-SNAPSHOT @ C:\Users\keity\OneDrive\햞ea de Trabalho\SpringBoot Thymeleaf Udemy\demo-mvc\pom.xml.
2023-01-18 21:18:00,862 [Worker-43: Building] INFO  o.a.m.s.f.DefaultMavenResourcesFiltering - Copying 0 resource
2023-01-18 21:18:00,863 [Worker-43: Building] INFO  o.a.m.s.f.DefaultMavenResourcesFiltering - Copying 0 resource
2023-01-18 21:18:00,904 [Worker-43: Building] INFO  o.a.m.s.f.DefaultMavenResourcesFiltering - skip non existing resourceDirectory C:\Users\keity\OneDrive\햞ea de Trabalho\SpringBoot Thymeleaf Udemy\demo-mvc\src\test\resources
2023-01-18 21:18:01,930 [Worker-41: Download sources and javadoc] INFO  o.e.m.c.i.e.AbstractTransferListenerAdapter - Downloading https://repo.maven.apache.org/maven2/org/webjars/bowergithub/iconic/open-iconic/1.1.1/open-iconic-1.1.1-sources.jar
2023-01-18 21:18:02,257 [Worker-41: Download sources and javadoc] INFO  o.e.m.c.i.e.AbstractTransferListenerAdapter - Downloaded https://repo.maven.apache.org/maven2/org/webjars/bowergithub/iconic/open-iconic/1.1.1/open-iconic-1.1.1-sources.jar
2023-01-18 21:18:02,264 [Worker-41: Download sources and javadoc] INFO  o.e.m.j.internal.DownloadSourcesJob - Downloaded sources for org.webjars.bowergithub.iconic:open-iconic:1.1.1
2023-01-18 21:18:02,933 [Worker-41: Download sources and javadoc] INFO  o.e.m.c.i.e.AbstractTransferListenerAdapter - Downloading https://repo.maven.apache.org/maven2/org/webjars/npm/jquery-mask-plugin/1.14.16/jquery-mask-plugin-1.14.16-sources.jar
2023-01-18 21:18:03,274 [Worker-41: Download sources and javadoc] INFO  o.e.m.c.i.e.AbstractTransferListenerAdapter - Downloaded https://repo.maven.apache.org/maven2/org/webjars/npm/jquery-mask-plugin/1.14.16/jquery-mask-plugin-1.14.16-sources.jar
2023-01-18 21:18:03,279 [Worker-41: Download sources and javadoc] INFO  o.e.m.j.internal.DownloadSourcesJob - Downloaded sources for org.webjars.npm:jquery-mask-plugin:1.14.16
2023-01-18 21:18:04,208 [Worker-44: Building] INFO  o.a.m.s.f.DefaultMavenResourcesFiltering - Copying 1 resource
2023-01-18 21:18:04,274 [Worker-44: Building] INFO  o.a.m.s.f.DefaultMavenResourcesFiltering - Copying 10 resources
2023-01-18 21:18:04,329 [Worker-44: Building] INFO  o.a.m.s.f.DefaultMavenResourcesFiltering - skip non existing resourceDirectory C:\Users\keity\OneDrive\햞ea de Trabalho\SpringBoot Thymeleaf Udemy\demo-mvc\src\test\resources
2023-01-18 21:31:48,236 [Worker-49: Building] INFO  o.e.m.c.i.l.LifecycleMappingFactory - Using org.eclipse.m2e.jdt.JarLifecycleMapping lifecycle mapping for MavenProject: com.mballem.curso.boot:demo-mvc:0.0.1-SNAPSHOT @ C:\Users\keity\OneDrive\햞ea de Trabalho\SpringBoot Thymeleaf Udemy\demo-mvc\pom.xml.
2023-01-18 21:31:48,554 [Worker-49: Building] WARN  o.e.m.c.i.embedder.EclipseLogger - The POM for org.webjars:jquery:jar:3.3.1.1 is missing, no dependency information available
2023-01-18 21:31:49,768 [Worker-49: Building] INFO  o.a.m.s.f.DefaultMavenResourcesFiltering - Copying 0 resource
2023-01-18 21:31:49,769 [Worker-49: Building] INFO  o.a.m.s.f.DefaultMavenResourcesFiltering - Copying 0 resource
2023-01-18 21:31:49,778 [Worker-49: Building] INFO  o.a.m.s.f.DefaultMavenResourcesFiltering - skip non existing resourceDirectory C:\Users\keity\OneDrive\햞ea de Trabalho\SpringBoot Thymeleaf Udemy\demo-mvc\src\test\resources
2023-01-18 21:31:51,287 [Worker-53: Download sources and javadoc] INFO  o.e.m.c.i.e.AbstractTransferListenerAdapter - Downloading https://repo.maven.apache.org/maven2/org/webjars/bootstrap/4.0.0/bootstrap-4.0.0-sources.jar
2023-01-18 21:31:51,626 [Worker-53: Download sources and javadoc] INFO  o.e.m.c.i.e.AbstractTransferListenerAdapter - Downloaded https://repo.maven.apache.org/maven2/org/webjars/bootstrap/4.0.0/bootstrap-4.0.0-sources.jar
2023-01-18 21:31:51,632 [Worker-53: Download sources and javadoc] INFO  o.e.m.j.internal.DownloadSourcesJob - Downloaded sources for org.webjars:bootstrap:4.0.0
2023-01-18 21:31:52,244 [Worker-53: Download sources and javadoc] INFO  o.e.m.c.i.e.AbstractTransferListenerAdapter - Downloading https://repo.maven.apache.org/maven2/org/webjars/npm/popper.js/1.11.1/popper.js-1.11.1-sources.jar
2023-01-18 21:31:52,607 [Worker-53: Download sources and javadoc] INFO  o.e.m.c.i.e.AbstractTransferListenerAdapter - Downloaded https://repo.maven.apache.org/maven2/org/webjars/npm/popper.js/1.11.1/popper.js-1.11.1-sources.jar
2023-01-18 21:31:52,612 [Worker-53: Download sources and javadoc] INFO  o.e.m.j.internal.DownloadSourcesJob - Downloaded sources for org.webjars.npm:popper.js:1.11.1
2023-01-18 21:31:53,185 [Worker-53: Download sources and javadoc] INFO  o.e.m.c.i.e.AbstractTransferListenerAdapter - Downloading https://repo.maven.apache.org/maven2/org/webjars/bower/open-iconic/1.1.1/open-iconic-1.1.1-sources.jar
2023-01-18 21:31:53,620 [Worker-53: Download sources and javadoc] INFO  o.e.m.c.i.e.AbstractTransferListenerAdapter - Downloaded https://repo.maven.apache.org/maven2/org/webjars/bower/open-iconic/1.1.1/open-iconic-1.1.1-sources.jar
2023-01-18 21:31:53,626 [Worker-53: Download sources and javadoc] INFO  o.e.m.j.internal.DownloadSourcesJob - Downloaded sources for org.webjars.bower:open-iconic:1.1.1
2023-01-18 21:31:54,282 [Worker-53: Download sources and javadoc] INFO  o.e.m.c.i.e.AbstractTransferListenerAdapter - Downloaded https://repo.maven.apache.org/maven2/org/webjars/jquery/3.3.1.1/jquery-3.3.1.1-sources.jar
2023-01-18 21:31:54,413 [Worker-53: Download sources and javadoc] ERROR o.e.m.j.internal.DownloadSourcesJob - Could not download sources for org.webjars:jquery:3.3.1.1
org.eclipse.core.runtime.CoreException: Could not resolve artifact org.webjars:jquery:jar:sources:3.3.1.1
	at org.eclipse.m2e.core.internal.embedder.MavenImpl.lambda$6(MavenImpl.java:608)
	at org.eclipse.m2e.core.internal.embedder.MavenExecutionContext.executeBare(MavenExecutionContext.java:350)
	at org.eclipse.m2e.core.internal.embedder.MavenExecutionContext.execute(MavenExecutionContext.java:219)
	at org.eclipse.m2e.core.internal.embedder.MavenExecutionContext.execute(MavenExecutionContext.java:205)
	at org.eclipse.m2e.core.internal.embedder.MavenImpl.resolve(MavenImpl.java:577)
	at org.eclipse.m2e.core.internal.embedder.MavenImpl.resolve(MavenImpl.java:562)
	at org.eclipse.m2e.jdt.internal.DownloadSourcesJob.download(DownloadSourcesJob.java:308)
	at org.eclipse.m2e.jdt.internal.DownloadSourcesJob.downloadAttachments(DownloadSourcesJob.java:282)
	at org.eclipse.m2e.jdt.internal.DownloadSourcesJob.downloadMaven(DownloadSourcesJob.java:252)
	at org.eclipse.m2e.jdt.internal.DownloadSourcesJob.downloadFilesAndPopulateToUpdate(DownloadSourcesJob.java:220)
	at org.eclipse.m2e.jdt.internal.DownloadSourcesJob.lambda$0(DownloadSourcesJob.java:149)
	at org.eclipse.m2e.core.internal.embedder.MavenExecutionContext.executeBare(MavenExecutionContext.java:350)
	at org.eclipse.m2e.core.internal.embedder.MavenExecutionContext.execute(MavenExecutionContext.java:262)
	at org.eclipse.m2e.core.internal.embedder.MavenExecutionContext.execute(MavenExecutionContext.java:205)
	at org.eclipse.m2e.core.embedder.IMaven.execute(IMaven.java:270)
	at org.eclipse.m2e.jdt.internal.DownloadSourcesJob.run(DownloadSourcesJob.java:149)
	at org.eclipse.core.internal.jobs.Worker.run(Worker.java:63)
2023-01-18 21:31:55,047 [Worker-53: Download sources and javadoc] INFO  o.e.m.c.i.e.AbstractTransferListenerAdapter - Downloading https://repo.maven.apache.org/maven2/org/webjars/bower/jquery-mask-plugin/1.14.13/jquery-mask-plugin-1.14.13-sources.jar
2023-01-18 21:31:55,418 [Worker-53: Download sources and javadoc] INFO  o.e.m.c.i.e.AbstractTransferListenerAdapter - Downloaded https://repo.maven.apache.org/maven2/org/webjars/bower/jquery-mask-plugin/1.14.13/jquery-mask-plugin-1.14.13-sources.jar
2023-01-18 21:31:55,423 [Worker-53: Download sources and javadoc] INFO  o.e.m.j.internal.DownloadSourcesJob - Downloaded sources for org.webjars.bower:jquery-mask-plugin:1.14.13
2023-01-18 21:31:55,980 [Worker-54: Building] INFO  o.a.m.s.f.DefaultMavenResourcesFiltering - Copying 0 resource
2023-01-18 21:31:55,981 [Worker-54: Building] INFO  o.a.m.s.f.DefaultMavenResourcesFiltering - Copying 0 resource
2023-01-18 21:31:55,986 [Worker-54: Building] INFO  o.a.m.s.f.DefaultMavenResourcesFiltering - skip non existing resourceDirectory C:\Users\keity\OneDrive\햞ea de Trabalho\SpringBoot Thymeleaf Udemy\demo-mvc\src\test\resources
2023-01-18 21:34:56,186 [Worker-50: Building] INFO  o.e.m.c.i.l.LifecycleMappingFactory - Using org.eclipse.m2e.jdt.JarLifecycleMapping lifecycle mapping for MavenProject: com.mballem.curso.boot:demo-mvc:0.0.1-SNAPSHOT @ C:\Users\keity\OneDrive\햞ea de Trabalho\SpringBoot Thymeleaf Udemy\demo-mvc\pom.xml.
2023-01-18 21:34:57,300 [Worker-50: Building] INFO  o.a.m.s.f.DefaultMavenResourcesFiltering - Copying 0 resource
2023-01-18 21:34:57,301 [Worker-50: Building] INFO  o.a.m.s.f.DefaultMavenResourcesFiltering - Copying 0 resource
2023-01-18 21:34:57,304 [Worker-50: Building] INFO  o.a.m.s.f.DefaultMavenResourcesFiltering - skip non existing resourceDirectory C:\Users\keity\OneDrive\햞ea de Trabalho\SpringBoot Thymeleaf Udemy\demo-mvc\src\test\resources
2023-01-18 21:34:58,753 [Worker-38: Download sources and javadoc] INFO  o.e.m.c.i.e.AbstractTransferListenerAdapter - Downloading https://repo.maven.apache.org/maven2/org/webjars/jquery/3.0.0/jquery-3.0.0-sources.jar
2023-01-18 21:34:59,070 [Worker-38: Download sources and javadoc] INFO  o.e.m.c.i.e.AbstractTransferListenerAdapter - Downloaded https://repo.maven.apache.org/maven2/org/webjars/jquery/3.0.0/jquery-3.0.0-sources.jar
2023-01-18 21:34:59,075 [Worker-38: Download sources and javadoc] INFO  o.e.m.j.internal.DownloadSourcesJob - Downloaded sources for org.webjars:jquery:3.0.0
2023-01-18 21:34:59,890 [Worker-49: Building] INFO  o.a.m.s.f.DefaultMavenResourcesFiltering - Copying 1 resource
2023-01-18 21:34:59,948 [Worker-49: Building] INFO  o.a.m.s.f.DefaultMavenResourcesFiltering - Copying 10 resources
2023-01-18 21:35:00,002 [Worker-49: Building] INFO  o.a.m.s.f.DefaultMavenResourcesFiltering - skip non existing resourceDirectory C:\Users\keity\OneDrive\햞ea de Trabalho\SpringBoot Thymeleaf Udemy\demo-mvc\src\test\resources
2023-01-18 21:37:42,259 [Worker-56: Building] INFO  o.e.m.c.i.l.LifecycleMappingFactory - Using org.eclipse.m2e.jdt.JarLifecycleMapping lifecycle mapping for MavenProject: com.mballem.curso.boot:demo-mvc:0.0.1-SNAPSHOT @ C:\Users\keity\OneDrive\햞ea de Trabalho\SpringBoot Thymeleaf Udemy\demo-mvc\pom.xml.
2023-01-18 21:37:42,979 [Worker-56: Building] INFO  o.a.m.s.f.DefaultMavenResourcesFiltering - Copying 0 resource
2023-01-18 21:37:42,979 [Worker-56: Building] INFO  o.a.m.s.f.DefaultMavenResourcesFiltering - Copying 0 resource
2023-01-18 21:37:42,985 [Worker-56: Building] INFO  o.a.m.s.f.DefaultMavenResourcesFiltering - skip non existing resourceDirectory C:\Users\keity\OneDrive\햞ea de Trabalho\SpringBoot Thymeleaf Udemy\demo-mvc\src\test\resources
2023-01-18 21:37:44,597 [Worker-50: Building] INFO  o.a.m.s.f.DefaultMavenResourcesFiltering - Copying 1 resource
2023-01-18 21:37:44,622 [Worker-50: Building] INFO  o.a.m.s.f.DefaultMavenResourcesFiltering - Copying 10 resources
2023-01-18 21:37:44,674 [Worker-50: Building] INFO  o.a.m.s.f.DefaultMavenResourcesFiltering - skip non existing resourceDirectory C:\Users\keity\OneDrive\햞ea de Trabalho\SpringBoot Thymeleaf Udemy\demo-mvc\src\test\resources
2023-01-18 21:42:49,005 [Worker-55: Building] INFO  o.e.m.c.i.l.LifecycleMappingFactory - Using org.eclipse.m2e.jdt.JarLifecycleMapping lifecycle mapping for MavenProject: com.mballem.curso.boot:demo-mvc:0.0.1-SNAPSHOT @ C:\Users\keity\OneDrive\햞ea de Trabalho\SpringBoot Thymeleaf Udemy\demo-mvc\pom.xml.
2023-01-18 21:42:50,512 [Worker-55: Building] INFO  o.a.m.s.f.DefaultMavenResourcesFiltering - Copying 0 resource
2023-01-18 21:42:50,514 [Worker-55: Building] INFO  o.a.m.s.f.DefaultMavenResourcesFiltering - Copying 0 resource
2023-01-18 21:42:50,532 [Worker-55: Building] INFO  o.a.m.s.f.DefaultMavenResourcesFiltering - skip non existing resourceDirectory C:\Users\keity\OneDrive\햞ea de Trabalho\SpringBoot Thymeleaf Udemy\demo-mvc\src\test\resources
2023-01-18 21:42:53,269 [Worker-61: Download sources and javadoc] INFO  o.e.m.c.i.e.AbstractTransferListenerAdapter - Downloading https://repo.maven.apache.org/maven2/org/webjars/npm/bootstrap/5.3.0-alpha1/bootstrap-5.3.0-alpha1-sources.jar
2023-01-18 21:42:53,766 [Worker-61: Download sources and javadoc] INFO  o.e.m.c.i.e.AbstractTransferListenerAdapter - Downloaded https://repo.maven.apache.org/maven2/org/webjars/npm/bootstrap/5.3.0-alpha1/bootstrap-5.3.0-alpha1-sources.jar
2023-01-18 21:42:53,778 [Worker-61: Download sources and javadoc] INFO  o.e.m.j.internal.DownloadSourcesJob - Downloaded sources for org.webjars.npm:bootstrap:5.3.0-alpha1
2023-01-18 21:42:54,260 [Worker-62: Launching demo-mvc - DemoMvcApplication] INFO  o.a.m.s.f.DefaultMavenResourcesFiltering - Copying 1 resource
2023-01-18 21:42:54,313 [Worker-62: Launching demo-mvc - DemoMvcApplication] INFO  o.a.m.s.f.DefaultMavenResourcesFiltering - Copying 10 resources
2023-01-18 21:42:54,362 [Worker-62: Launching demo-mvc - DemoMvcApplication] INFO  o.a.m.s.f.DefaultMavenResourcesFiltering - skip non existing resourceDirectory C:\Users\keity\OneDrive\햞ea de Trabalho\SpringBoot Thymeleaf Udemy\demo-mvc\src\test\resources
2023-01-18 21:42:55,134 [Worker-55: Building] INFO  o.a.m.s.f.DefaultMavenResourcesFiltering - Copying 0 resource
2023-01-18 21:42:55,135 [Worker-55: Building] INFO  o.a.m.s.f.DefaultMavenResourcesFiltering - Copying 0 resource
2023-01-18 21:42:55,142 [Worker-55: Building] INFO  o.a.m.s.f.DefaultMavenResourcesFiltering - skip non existing resourceDirectory C:\Users\keity\OneDrive\햞ea de Trabalho\SpringBoot Thymeleaf Udemy\demo-mvc\src\test\resources
2023-01-18 21:46:19,964 [Worker-59: Building] INFO  o.e.m.c.i.l.LifecycleMappingFactory - Using org.eclipse.m2e.jdt.JarLifecycleMapping lifecycle mapping for MavenProject: com.mballem.curso.boot:demo-mvc:0.0.1-SNAPSHOT @ C:\Users\keity\OneDrive\햞ea de Trabalho\SpringBoot Thymeleaf Udemy\demo-mvc\pom.xml.
2023-01-18 21:46:21,418 [Worker-59: Building] INFO  o.a.m.s.f.DefaultMavenResourcesFiltering - Copying 0 resource
2023-01-18 21:46:21,418 [Worker-59: Building] INFO  o.a.m.s.f.DefaultMavenResourcesFiltering - Copying 0 resource
2023-01-18 21:46:21,428 [Worker-59: Building] INFO  o.a.m.s.f.DefaultMavenResourcesFiltering - skip non existing resourceDirectory C:\Users\keity\OneDrive\햞ea de Trabalho\SpringBoot Thymeleaf Udemy\demo-mvc\src\test\resources
2023-01-18 21:46:22,630 [Worker-61: Download sources and javadoc] INFO  o.e.m.c.i.e.AbstractTransferListenerAdapter - Downloading https://repo.maven.apache.org/maven2/org/webjars/npm/bootstrap/5.2.1/bootstrap-5.2.1-sources.jar
2023-01-18 21:46:22,828 [Worker-61: Download sources and javadoc] INFO  o.e.m.c.i.e.AbstractTransferListenerAdapter - Downloaded https://repo.maven.apache.org/maven2/org/webjars/npm/bootstrap/5.2.1/bootstrap-5.2.1-sources.jar
2023-01-18 21:46:22,833 [Worker-61: Download sources and javadoc] INFO  o.e.m.j.internal.DownloadSourcesJob - Downloaded sources for org.webjars.npm:bootstrap:5.2.1
2023-01-18 21:46:23,921 [Worker-66: Building] INFO  o.a.m.s.f.DefaultMavenResourcesFiltering - Copying 1 resource
2023-01-18 21:46:23,952 [Worker-66: Building] INFO  o.a.m.s.f.DefaultMavenResourcesFiltering - Copying 10 resources
2023-01-18 21:46:24,073 [Worker-66: Building] INFO  o.a.m.s.f.DefaultMavenResourcesFiltering - skip non existing resourceDirectory C:\Users\keity\OneDrive\햞ea de Trabalho\SpringBoot Thymeleaf Udemy\demo-mvc\src\test\resources
2023-01-18 21:52:56,924 [Worker-71: Building] INFO  o.e.m.c.i.l.LifecycleMappingFactory - Using org.eclipse.m2e.jdt.JarLifecycleMapping lifecycle mapping for MavenProject: com.mballem.curso.boot:demo-mvc:0.0.1-SNAPSHOT @ C:\Users\keity\OneDrive\햞ea de Trabalho\SpringBoot Thymeleaf Udemy\demo-mvc\pom.xml.
2023-01-18 21:52:58,759 [Worker-71: Building] INFO  o.a.m.s.f.DefaultMavenResourcesFiltering - Copying 0 resource
2023-01-18 21:52:58,760 [Worker-71: Building] INFO  o.a.m.s.f.DefaultMavenResourcesFiltering - Copying 0 resource
2023-01-18 21:52:58,767 [Worker-71: Building] INFO  o.a.m.s.f.DefaultMavenResourcesFiltering - skip non existing resourceDirectory C:\Users\keity\OneDrive\햞ea de Trabalho\SpringBoot Thymeleaf Udemy\demo-mvc\src\test\resources
2023-01-18 21:53:00,953 [Worker-59: Download sources and javadoc] INFO  o.e.m.c.i.e.AbstractTransferListenerAdapter - Downloading https://repo.maven.apache.org/maven2/org/webjars/webjars-locator-core/0.52/webjars-locator-core-0.52-sources.jar
2023-01-18 21:53:02,580 [Worker-59: Download sources and javadoc] INFO  o.e.m.c.i.e.AbstractTransferListenerAdapter - Downloaded https://repo.maven.apache.org/maven2/org/webjars/webjars-locator-core/0.52/webjars-locator-core-0.52-sources.jar
2023-01-18 21:53:02,598 [Worker-59: Download sources and javadoc] INFO  o.e.m.j.internal.DownloadSourcesJob - Downloaded sources for org.webjars:webjars-locator-core:0.52
2023-01-18 21:53:03,177 [Worker-59: Download sources and javadoc] INFO  o.e.m.c.i.e.AbstractTransferListenerAdapter - Downloading https://repo.maven.apache.org/maven2/io/github/classgraph/classgraph/4.8.147/classgraph-4.8.147-sources.jar
2023-01-18 21:53:04,272 [Worker-59: Download sources and javadoc] INFO  o.e.m.c.i.e.AbstractTransferListenerAdapter - Downloaded https://repo.maven.apache.org/maven2/io/github/classgraph/classgraph/4.8.147/classgraph-4.8.147-sources.jar
2023-01-18 21:53:04,279 [Worker-59: Download sources and javadoc] INFO  o.e.m.j.internal.DownloadSourcesJob - Downloaded sources for io.github.classgraph:classgraph:4.8.147
2023-01-18 21:53:06,737 [Worker-72: Building] INFO  o.a.m.s.f.DefaultMavenResourcesFiltering - Copying 1 resource
2023-01-18 21:53:07,220 [Worker-72: Building] INFO  o.a.m.s.f.DefaultMavenResourcesFiltering - Copying 10 resources
2023-01-18 21:53:07,298 [Worker-72: Building] INFO  o.a.m.s.f.DefaultMavenResourcesFiltering - skip non existing resourceDirectory C:\Users\keity\OneDrive\햞ea de Trabalho\SpringBoot Thymeleaf Udemy\demo-mvc\src\test\resources
2023-01-18 21:59:17,283 [Worker-78: Building] INFO  o.e.m.c.i.l.LifecycleMappingFactory - Using org.eclipse.m2e.jdt.JarLifecycleMapping lifecycle mapping for MavenProject: com.mballem.curso.boot:demo-mvc:0.0.1-SNAPSHOT @ C:\Users\keity\OneDrive\햞ea de Trabalho\SpringBoot Thymeleaf Udemy\demo-mvc\pom.xml.
2023-01-18 21:59:18,532 [Worker-78: Building] INFO  o.a.m.s.f.DefaultMavenResourcesFiltering - Copying 0 resource
2023-01-18 21:59:18,533 [Worker-78: Building] INFO  o.a.m.s.f.DefaultMavenResourcesFiltering - Copying 0 resource
2023-01-18 21:59:18,554 [Worker-78: Building] INFO  o.a.m.s.f.DefaultMavenResourcesFiltering - skip non existing resourceDirectory C:\Users\keity\OneDrive\햞ea de Trabalho\SpringBoot Thymeleaf Udemy\demo-mvc\src\test\resources
2023-01-18 21:59:20,692 [Worker-81: Building] INFO  o.a.m.s.f.DefaultMavenResourcesFiltering - Copying 1 resource
2023-01-18 21:59:20,754 [Worker-81: Building] INFO  o.a.m.s.f.DefaultMavenResourcesFiltering - Copying 10 resources
2023-01-18 21:59:20,819 [Worker-81: Building] INFO  o.a.m.s.f.DefaultMavenResourcesFiltering - skip non existing resourceDirectory C:\Users\keity\OneDrive\햞ea de Trabalho\SpringBoot Thymeleaf Udemy\demo-mvc\src\test\resources
2023-01-18 22:03:21,470 [Worker-83: Building] INFO  o.e.m.c.i.l.LifecycleMappingFactory - Using org.eclipse.m2e.jdt.JarLifecycleMapping lifecycle mapping for MavenProject: com.mballem.curso.boot:demo-mvc:0.0.1-SNAPSHOT @ C:\Users\keity\OneDrive\햞ea de Trabalho\SpringBoot Thymeleaf Udemy\demo-mvc\pom.xml.
2023-01-18 22:03:22,576 [Worker-83: Building] INFO  o.a.m.s.f.DefaultMavenResourcesFiltering - Copying 0 resource
2023-01-18 22:03:22,577 [Worker-83: Building] INFO  o.a.m.s.f.DefaultMavenResourcesFiltering - Copying 0 resource
2023-01-18 22:03:22,584 [Worker-83: Building] INFO  o.a.m.s.f.DefaultMavenResourcesFiltering - skip non existing resourceDirectory C:\Users\keity\OneDrive\햞ea de Trabalho\SpringBoot Thymeleaf Udemy\demo-mvc\src\test\resources
2023-01-18 22:03:24,510 [Worker-81: Building] INFO  o.a.m.s.f.DefaultMavenResourcesFiltering - Copying 1 resource
2023-01-18 22:03:24,542 [Worker-81: Building] INFO  o.a.m.s.f.DefaultMavenResourcesFiltering - Copying 10 resources
2023-01-18 22:03:24,631 [Worker-81: Building] INFO  o.a.m.s.f.DefaultMavenResourcesFiltering - skip non existing resourceDirectory C:\Users\keity\OneDrive\햞ea de Trabalho\SpringBoot Thymeleaf Udemy\demo-mvc\src\test\resources
2023-01-19 18:07:31,464 [Worker-59: Building] INFO  o.a.m.s.f.DefaultMavenResourcesFiltering - Copying 0 resource
2023-01-19 18:07:31,477 [Worker-59: Building] INFO  o.a.m.s.f.DefaultMavenResourcesFiltering - Copying 1 resource
2023-01-19 18:07:31,496 [Worker-59: Building] INFO  o.a.m.s.f.DefaultMavenResourcesFiltering - skip non existing resourceDirectory C:\Users\keity\OneDrive\햞ea de Trabalho\SpringBoot Thymeleaf Udemy\demo-mvc\src\test\resources
2023-01-19 18:11:09,267 [Worker-59: Building] INFO  o.a.m.s.f.DefaultMavenResourcesFiltering - Copying 0 resource
2023-01-19 18:11:09,269 [Worker-59: Building] INFO  o.a.m.s.f.DefaultMavenResourcesFiltering - Copying 1 resource
2023-01-19 18:11:09,275 [Worker-59: Building] INFO  o.a.m.s.f.DefaultMavenResourcesFiltering - skip non existing resourceDirectory C:\Users\keity\OneDrive\햞ea de Trabalho\SpringBoot Thymeleaf Udemy\demo-mvc\src\test\resources
2023-01-19 20:00:53,744 [Worker-100: Building] INFO  o.a.m.s.f.DefaultMavenResourcesFiltering - Copying 1 resource
2023-01-19 20:00:54,105 [Worker-100: Building] INFO  o.a.m.s.f.DefaultMavenResourcesFiltering - Copying 10 resources
2023-01-19 20:00:54,171 [Worker-100: Building] INFO  o.a.m.s.f.DefaultMavenResourcesFiltering - skip non existing resourceDirectory C:\Users\keity\OneDrive\햞ea de Trabalho\SpringBoot Thymeleaf Udemy\demo-mvc\src\test\resources
2023-01-19 20:09:17,477 [Worker-98: Building] INFO  o.a.m.s.f.DefaultMavenResourcesFiltering - Copying 1 resource
2023-01-19 20:09:17,592 [Worker-98: Building] INFO  o.a.m.s.f.DefaultMavenResourcesFiltering - Copying 10 resources
2023-01-19 20:09:17,611 [Worker-98: Building] INFO  o.a.m.s.f.DefaultMavenResourcesFiltering - skip non existing resourceDirectory C:\Users\keity\OneDrive\햞ea de Trabalho\SpringBoot Thymeleaf Udemy\demo-mvc\src\test\resources
2023-01-19 20:11:55,004 [Worker-102: Building] INFO  o.a.m.s.f.DefaultMavenResourcesFiltering - Copying 1 resource
2023-01-19 20:11:55,436 [Worker-102: Building] INFO  o.a.m.s.f.DefaultMavenResourcesFiltering - Copying 10 resources
2023-01-19 20:11:55,459 [Worker-102: Building] INFO  o.a.m.s.f.DefaultMavenResourcesFiltering - skip non existing resourceDirectory C:\Users\keity\OneDrive\햞ea de Trabalho\SpringBoot Thymeleaf Udemy\demo-mvc\src\test\resources
2023-01-19 20:12:15,356 [Worker-104: Building] INFO  o.a.m.s.f.DefaultMavenResourcesFiltering - Copying 1 resource
2023-01-19 20:12:15,405 [Worker-104: Building] INFO  o.a.m.s.f.DefaultMavenResourcesFiltering - Copying 10 resources
2023-01-19 20:12:15,424 [Worker-104: Building] INFO  o.a.m.s.f.DefaultMavenResourcesFiltering - skip non existing resourceDirectory C:\Users\keity\OneDrive\햞ea de Trabalho\SpringBoot Thymeleaf Udemy\demo-mvc\src\test\resources
2023-01-19 20:15:34,738 [Worker-102: Building] INFO  o.a.m.s.f.DefaultMavenResourcesFiltering - Copying 1 resource
2023-01-19 20:15:34,753 [Worker-102: Building] INFO  o.a.m.s.f.DefaultMavenResourcesFiltering - Copying 10 resources
2023-01-19 20:15:34,793 [Worker-102: Building] INFO  o.a.m.s.f.DefaultMavenResourcesFiltering - skip non existing resourceDirectory C:\Users\keity\OneDrive\햞ea de Trabalho\SpringBoot Thymeleaf Udemy\demo-mvc\src\test\resources
2023-01-19 20:16:21,922 [Worker-104: Building] INFO  o.a.m.s.f.DefaultMavenResourcesFiltering - Copying 1 resource
2023-01-19 20:16:22,112 [Worker-104: Building] INFO  o.a.m.s.f.DefaultMavenResourcesFiltering - Copying 10 resources
2023-01-19 20:16:22,128 [Worker-104: Building] INFO  o.a.m.s.f.DefaultMavenResourcesFiltering - skip non existing resourceDirectory C:\Users\keity\OneDrive\햞ea de Trabalho\SpringBoot Thymeleaf Udemy\demo-mvc\src\test\resources
2023-01-19 20:18:10,296 [Worker-98: Building] INFO  o.a.m.s.f.DefaultMavenResourcesFiltering - Copying 1 resource
2023-01-19 20:18:10,327 [Worker-98: Building] INFO  o.a.m.s.f.DefaultMavenResourcesFiltering - Copying 10 resources
2023-01-19 20:18:10,342 [Worker-98: Building] INFO  o.a.m.s.f.DefaultMavenResourcesFiltering - skip non existing resourceDirectory C:\Users\keity\OneDrive\햞ea de Trabalho\SpringBoot Thymeleaf Udemy\demo-mvc\src\test\resources
2023-01-19 20:18:58,580 [Worker-109: Building] INFO  o.a.m.s.f.DefaultMavenResourcesFiltering - Copying 1 resource
2023-01-19 20:18:58,718 [Worker-109: Building] INFO  o.a.m.s.f.DefaultMavenResourcesFiltering - Copying 10 resources
2023-01-19 20:18:58,743 [Worker-109: Building] INFO  o.a.m.s.f.DefaultMavenResourcesFiltering - skip non existing resourceDirectory C:\Users\keity\OneDrive\햞ea de Trabalho\SpringBoot Thymeleaf Udemy\demo-mvc\src\test\resources
2023-01-19 20:20:28,660 [Worker-106: Building] INFO  o.a.m.s.f.DefaultMavenResourcesFiltering - Copying 1 resource
2023-01-19 20:20:28,953 [Worker-106: Building] INFO  o.a.m.s.f.DefaultMavenResourcesFiltering - Copying 10 resources
2023-01-19 20:20:28,970 [Worker-106: Building] INFO  o.a.m.s.f.DefaultMavenResourcesFiltering - skip non existing resourceDirectory C:\Users\keity\OneDrive\햞ea de Trabalho\SpringBoot Thymeleaf Udemy\demo-mvc\src\test\resources
2023-01-19 20:23:00,662 [Worker-110: Building] INFO  o.a.m.s.f.DefaultMavenResourcesFiltering - Copying 1 resource
2023-01-19 20:23:00,678 [Worker-110: Building] INFO  o.a.m.s.f.DefaultMavenResourcesFiltering - Copying 10 resources
2023-01-19 20:23:00,692 [Worker-110: Building] INFO  o.a.m.s.f.DefaultMavenResourcesFiltering - skip non existing resourceDirectory C:\Users\keity\OneDrive\햞ea de Trabalho\SpringBoot Thymeleaf Udemy\demo-mvc\src\test\resources
2023-01-19 20:26:51,108 [Worker-110: Building] INFO  o.a.m.s.f.DefaultMavenResourcesFiltering - Copying 0 resource
2023-01-19 20:26:51,113 [Worker-110: Building] INFO  o.a.m.s.f.DefaultMavenResourcesFiltering - Copying 1 resource
2023-01-19 20:26:51,131 [Worker-110: Building] INFO  o.a.m.s.f.DefaultMavenResourcesFiltering - skip non existing resourceDirectory C:\Users\keity\OneDrive\햞ea de Trabalho\SpringBoot Thymeleaf Udemy\demo-mvc\src\test\resources
2023-01-19 20:34:01,953 [Worker-102: Building] INFO  o.a.m.s.f.DefaultMavenResourcesFiltering - Copying 0 resource
2023-01-19 20:34:01,956 [Worker-102: Building] INFO  o.a.m.s.f.DefaultMavenResourcesFiltering - Copying 1 resource
2023-01-19 20:34:01,971 [Worker-102: Building] INFO  o.a.m.s.f.DefaultMavenResourcesFiltering - skip non existing resourceDirectory C:\Users\keity\OneDrive\햞ea de Trabalho\SpringBoot Thymeleaf Udemy\demo-mvc\src\test\resources
2023-01-19 20:36:01,988 [Worker-117: Building] INFO  o.a.m.s.f.DefaultMavenResourcesFiltering - Copying 0 resource
2023-01-19 20:36:01,990 [Worker-117: Building] INFO  o.a.m.s.f.DefaultMavenResourcesFiltering - Copying 1 resource
2023-01-19 20:36:02,000 [Worker-117: Building] INFO  o.a.m.s.f.DefaultMavenResourcesFiltering - skip non existing resourceDirectory C:\Users\keity\OneDrive\햞ea de Trabalho\SpringBoot Thymeleaf Udemy\demo-mvc\src\test\resources
2023-01-19 20:38:16,938 [Worker-119: Building] INFO  o.a.m.s.f.DefaultMavenResourcesFiltering - Copying 0 resource
2023-01-19 20:38:16,939 [Worker-119: Building] INFO  o.a.m.s.f.DefaultMavenResourcesFiltering - Copying 1 resource
2023-01-19 20:38:16,945 [Worker-119: Building] INFO  o.a.m.s.f.DefaultMavenResourcesFiltering - skip non existing resourceDirectory C:\Users\keity\OneDrive\햞ea de Trabalho\SpringBoot Thymeleaf Udemy\demo-mvc\src\test\resources
2023-01-19 20:41:15,705 [Worker-116: Building] INFO  o.a.m.s.f.DefaultMavenResourcesFiltering - Copying 0 resource
2023-01-19 20:41:15,706 [Worker-116: Building] INFO  o.a.m.s.f.DefaultMavenResourcesFiltering - Copying 1 resource
2023-01-19 20:41:15,718 [Worker-116: Building] INFO  o.a.m.s.f.DefaultMavenResourcesFiltering - skip non existing resourceDirectory C:\Users\keity\OneDrive\햞ea de Trabalho\SpringBoot Thymeleaf Udemy\demo-mvc\src\test\resources
2023-01-19 20:44:30,826 [Worker-126: Building] INFO  o.e.m.c.i.l.LifecycleMappingFactory - Using org.eclipse.m2e.jdt.JarLifecycleMapping lifecycle mapping for MavenProject: com.mballem.curso.boot:demo-mvc:0.0.1-SNAPSHOT @ C:\Users\keity\OneDrive\햞ea de Trabalho\SpringBoot Thymeleaf Udemy\demo-mvc\pom.xml.
2023-01-19 20:44:36,208 [Worker-126: Building] INFO  o.a.m.s.f.DefaultMavenResourcesFiltering - Copying 0 resource
2023-01-19 20:44:36,209 [Worker-126: Building] INFO  o.a.m.s.f.DefaultMavenResourcesFiltering - Copying 1 resource
2023-01-19 20:44:36,244 [Worker-126: Building] INFO  o.a.m.s.f.DefaultMavenResourcesFiltering - skip non existing resourceDirectory C:\Users\keity\OneDrive\햞ea de Trabalho\SpringBoot Thymeleaf Udemy\demo-mvc\src\test\resources
2023-01-19 20:44:36,639 [Worker-127: Download sources and javadoc] INFO  o.e.m.c.i.e.AbstractTransferListenerAdapter - Downloading https://repo.maven.apache.org/maven2/org/webjars/jquery/3.3.1-1/jquery-3.3.1-1-sources.jar
2023-01-19 20:44:36,924 [Worker-127: Download sources and javadoc] INFO  o.e.m.c.i.e.AbstractTransferListenerAdapter - Downloaded https://repo.maven.apache.org/maven2/org/webjars/jquery/3.3.1-1/jquery-3.3.1-1-sources.jar
2023-01-19 20:44:36,932 [Worker-127: Download sources and javadoc] INFO  o.e.m.j.internal.DownloadSourcesJob - Downloaded sources for org.webjars:jquery:3.3.1-1
2023-01-19 20:44:38,606 [Worker-127: Building] INFO  o.a.m.s.f.DefaultMavenResourcesFiltering - Copying 1 resource
2023-01-19 20:44:38,640 [Worker-127: Building] INFO  o.a.m.s.f.DefaultMavenResourcesFiltering - Copying 10 resources
2023-01-19 20:44:38,881 [Worker-127: Building] INFO  o.a.m.s.f.DefaultMavenResourcesFiltering - skip non existing resourceDirectory C:\Users\keity\OneDrive\햞ea de Trabalho\SpringBoot Thymeleaf Udemy\demo-mvc\src\test\resources
2023-01-19 20:54:24,800 [Worker-126: Building] INFO  o.a.m.s.f.DefaultMavenResourcesFiltering - Copying 0 resource
2023-01-19 20:54:24,802 [Worker-126: Building] INFO  o.a.m.s.f.DefaultMavenResourcesFiltering - Copying 1 resource
2023-01-19 20:54:24,814 [Worker-126: Building] INFO  o.a.m.s.f.DefaultMavenResourcesFiltering - skip non existing resourceDirectory C:\Users\keity\OneDrive\햞ea de Trabalho\SpringBoot Thymeleaf Udemy\demo-mvc\src\test\resources
2023-01-19 21:02:00,384 [Worker-139: Building] INFO  o.a.m.s.f.DefaultMavenResourcesFiltering - Copying 0 resource
2023-01-19 21:02:00,385 [Worker-139: Building] INFO  o.a.m.s.f.DefaultMavenResourcesFiltering - Copying 1 resource
2023-01-19 21:02:00,399 [Worker-139: Building] INFO  o.a.m.s.f.DefaultMavenResourcesFiltering - skip non existing resourceDirectory C:\Users\keity\OneDrive\햞ea de Trabalho\SpringBoot Thymeleaf Udemy\demo-mvc\src\test\resources
2023-01-19 21:03:42,902 [Worker-143: Building] INFO  o.a.m.s.f.DefaultMavenResourcesFiltering - Copying 0 resource
2023-01-19 21:03:42,905 [Worker-143: Building] INFO  o.a.m.s.f.DefaultMavenResourcesFiltering - Copying 1 resource
2023-01-19 21:03:42,919 [Worker-143: Building] INFO  o.a.m.s.f.DefaultMavenResourcesFiltering - skip non existing resourceDirectory C:\Users\keity\OneDrive\햞ea de Trabalho\SpringBoot Thymeleaf Udemy\demo-mvc\src\test\resources
2023-01-20 18:12:06,375 [Worker-3: Loading available Gradle versions] INFO  o.e.b.c.i.u.g.PublishedGradleVersions - Gradle version information cache is out-of-date. Trying to update.
2023-01-20 18:58:49,398 [Worker-12: Building] INFO  o.a.m.s.f.DefaultMavenResourcesFiltering - Copying 1 resource
2023-01-20 18:58:49,764 [Worker-12: Building] INFO  o.a.m.s.f.DefaultMavenResourcesFiltering - Copying 10 resources
2023-01-20 18:58:49,798 [Worker-12: Building] INFO  o.a.m.s.f.DefaultMavenResourcesFiltering - skip non existing resourceDirectory C:\Users\keity\OneDrive\햞ea de Trabalho\SpringBoot Thymeleaf Udemy\demo-mvc\src\test\resources
2023-01-20 19:00:15,742 [Worker-9: Building] INFO  o.a.m.s.f.DefaultMavenResourcesFiltering - Copying 0 resource
2023-01-20 19:00:15,744 [Worker-9: Building] INFO  o.a.m.s.f.DefaultMavenResourcesFiltering - Copying 1 resource
2023-01-20 19:00:15,755 [Worker-9: Building] INFO  o.a.m.s.f.DefaultMavenResourcesFiltering - skip non existing resourceDirectory C:\Users\keity\OneDrive\햞ea de Trabalho\SpringBoot Thymeleaf Udemy\demo-mvc\src\test\resources
2023-01-20 19:02:03,543 [Worker-19: Building] INFO  o.a.m.s.f.DefaultMavenResourcesFiltering - Copying 0 resource
2023-01-20 19:02:03,545 [Worker-19: Building] INFO  o.a.m.s.f.DefaultMavenResourcesFiltering - Copying 1 resource
2023-01-20 19:02:03,554 [Worker-19: Building] INFO  o.a.m.s.f.DefaultMavenResourcesFiltering - skip non existing resourceDirectory C:\Users\keity\OneDrive\햞ea de Trabalho\SpringBoot Thymeleaf Udemy\demo-mvc\src\test\resources
2023-01-20 19:02:05,242 [Worker-10: Building] INFO  o.a.m.s.f.DefaultMavenResourcesFiltering - Copying 0 resource
2023-01-20 19:02:05,243 [Worker-10: Building] INFO  o.a.m.s.f.DefaultMavenResourcesFiltering - Copying 1 resource
2023-01-20 19:02:05,252 [Worker-10: Building] INFO  o.a.m.s.f.DefaultMavenResourcesFiltering - skip non existing resourceDirectory C:\Users\keity\OneDrive\햞ea de Trabalho\SpringBoot Thymeleaf Udemy\demo-mvc\src\test\resources
2023-01-20 19:57:52,151 [Worker-29: Building] INFO  o.a.m.s.f.DefaultMavenResourcesFiltering - Copying 0 resource
2023-01-20 19:57:52,154 [Worker-29: Building] INFO  o.a.m.s.f.DefaultMavenResourcesFiltering - Copying 1 resource
2023-01-20 19:57:52,167 [Worker-29: Building] INFO  o.a.m.s.f.DefaultMavenResourcesFiltering - skip non existing resourceDirectory C:\Users\keity\OneDrive\햞ea de Trabalho\SpringBoot Thymeleaf Udemy\demo-mvc\src\test\resources
2023-01-20 19:59:49,541 [Worker-29: Building] INFO  o.a.m.s.f.DefaultMavenResourcesFiltering - Copying 0 resource
2023-01-20 19:59:49,543 [Worker-29: Building] INFO  o.a.m.s.f.DefaultMavenResourcesFiltering - Copying 1 resource
2023-01-20 19:59:49,567 [Worker-29: Building] INFO  o.a.m.s.f.DefaultMavenResourcesFiltering - skip non existing resourceDirectory C:\Users\keity\OneDrive\햞ea de Trabalho\SpringBoot Thymeleaf Udemy\demo-mvc\src\test\resources
2023-01-20 20:12:12,467 [Worker-37: Building] INFO  o.a.m.s.f.DefaultMavenResourcesFiltering - Copying 0 resource
2023-01-20 20:12:12,469 [Worker-37: Building] INFO  o.a.m.s.f.DefaultMavenResourcesFiltering - Copying 1 resource
2023-01-20 20:12:12,479 [Worker-37: Building] INFO  o.a.m.s.f.DefaultMavenResourcesFiltering - skip non existing resourceDirectory C:\Users\keity\OneDrive\햞ea de Trabalho\SpringBoot Thymeleaf Udemy\demo-mvc\src\test\resources
2023-01-20 20:14:38,087 [Worker-38: Building] INFO  o.a.m.s.f.DefaultMavenResourcesFiltering - Copying 0 resource
2023-01-20 20:14:38,088 [Worker-38: Building] INFO  o.a.m.s.f.DefaultMavenResourcesFiltering - Copying 1 resource
2023-01-20 20:14:38,099 [Worker-38: Building] INFO  o.a.m.s.f.DefaultMavenResourcesFiltering - skip non existing resourceDirectory C:\Users\keity\OneDrive\햞ea de Trabalho\SpringBoot Thymeleaf Udemy\demo-mvc\src\test\resources
2023-01-20 20:15:47,021 [Worker-38: Building] INFO  o.a.m.s.f.DefaultMavenResourcesFiltering - Copying 0 resource
2023-01-20 20:15:47,022 [Worker-38: Building] INFO  o.a.m.s.f.DefaultMavenResourcesFiltering - Copying 1 resource
2023-01-20 20:15:47,031 [Worker-38: Building] INFO  o.a.m.s.f.DefaultMavenResourcesFiltering - skip non existing resourceDirectory C:\Users\keity\OneDrive\햞ea de Trabalho\SpringBoot Thymeleaf Udemy\demo-mvc\src\test\resources
2023-01-21 11:29:49,123 [Worker-38: Building] INFO  o.a.m.s.f.DefaultMavenResourcesFiltering - Copying 0 resource
2023-01-21 11:29:49,139 [Worker-38: Building] INFO  o.a.m.s.f.DefaultMavenResourcesFiltering - Copying 2 resources
2023-01-21 11:29:49,167 [Worker-38: Building] INFO  o.a.m.s.f.DefaultMavenResourcesFiltering - skip non existing resourceDirectory C:\Users\keity\OneDrive\햞ea de Trabalho\SpringBoot Thymeleaf Udemy\demo-mvc\src\test\resources
2023-01-21 11:31:18,901 [Worker-36: Building] INFO  o.a.m.s.f.DefaultMavenResourcesFiltering - Copying 0 resource
2023-01-21 11:31:18,903 [Worker-36: Building] INFO  o.a.m.s.f.DefaultMavenResourcesFiltering - Copying 1 resource
2023-01-21 11:31:18,913 [Worker-36: Building] INFO  o.a.m.s.f.DefaultMavenResourcesFiltering - skip non existing resourceDirectory C:\Users\keity\OneDrive\햞ea de Trabalho\SpringBoot Thymeleaf Udemy\demo-mvc\src\test\resources
2023-01-21 11:32:08,542 [Worker-48: Building] INFO  o.a.m.s.f.DefaultMavenResourcesFiltering - Copying 0 resource
2023-01-21 11:32:08,543 [Worker-48: Building] INFO  o.a.m.s.f.DefaultMavenResourcesFiltering - Copying 1 resource
2023-01-21 11:32:08,555 [Worker-48: Building] INFO  o.a.m.s.f.DefaultMavenResourcesFiltering - skip non existing resourceDirectory C:\Users\keity\OneDrive\햞ea de Trabalho\SpringBoot Thymeleaf Udemy\demo-mvc\src\test\resources
2023-01-21 11:33:30,553 [Worker-50: Building] INFO  o.a.m.s.f.DefaultMavenResourcesFiltering - Copying 0 resource
2023-01-21 11:33:30,554 [Worker-50: Building] INFO  o.a.m.s.f.DefaultMavenResourcesFiltering - Copying 2 resources
2023-01-21 11:33:30,566 [Worker-50: Building] INFO  o.a.m.s.f.DefaultMavenResourcesFiltering - skip non existing resourceDirectory C:\Users\keity\OneDrive\햞ea de Trabalho\SpringBoot Thymeleaf Udemy\demo-mvc\src\test\resources
2023-01-21 11:33:57,234 [Worker-48: Building] INFO  o.a.m.s.f.DefaultMavenResourcesFiltering - Copying 0 resource
2023-01-21 11:33:57,235 [Worker-48: Building] INFO  o.a.m.s.f.DefaultMavenResourcesFiltering - Copying 2 resources
2023-01-21 11:33:57,247 [Worker-48: Building] INFO  o.a.m.s.f.DefaultMavenResourcesFiltering - skip non existing resourceDirectory C:\Users\keity\OneDrive\햞ea de Trabalho\SpringBoot Thymeleaf Udemy\demo-mvc\src\test\resources
2023-01-21 11:34:27,885 [Worker-45: Building] INFO  o.a.m.s.f.DefaultMavenResourcesFiltering - Copying 0 resource
2023-01-21 11:34:27,886 [Worker-45: Building] INFO  o.a.m.s.f.DefaultMavenResourcesFiltering - Copying 1 resource
2023-01-21 11:34:27,902 [Worker-45: Building] INFO  o.a.m.s.f.DefaultMavenResourcesFiltering - skip non existing resourceDirectory C:\Users\keity\OneDrive\햞ea de Trabalho\SpringBoot Thymeleaf Udemy\demo-mvc\src\test\resources
2023-01-21 11:36:25,516 [Worker-51: Building] INFO  o.a.m.s.f.DefaultMavenResourcesFiltering - Copying 0 resource
2023-01-21 11:36:25,517 [Worker-51: Building] INFO  o.a.m.s.f.DefaultMavenResourcesFiltering - Copying 1 resource
2023-01-21 11:36:25,543 [Worker-51: Building] INFO  o.a.m.s.f.DefaultMavenResourcesFiltering - skip non existing resourceDirectory C:\Users\keity\OneDrive\햞ea de Trabalho\SpringBoot Thymeleaf Udemy\demo-mvc\src\test\resources
2023-01-21 11:42:34,826 [Worker-45: Building] INFO  o.a.m.s.f.DefaultMavenResourcesFiltering - Copying 0 resource
2023-01-21 11:42:34,828 [Worker-45: Building] INFO  o.a.m.s.f.DefaultMavenResourcesFiltering - Copying 6 resources
2023-01-21 11:42:34,853 [Worker-45: Building] INFO  o.a.m.s.f.DefaultMavenResourcesFiltering - skip non existing resourceDirectory C:\Users\keity\OneDrive\햞ea de Trabalho\SpringBoot Thymeleaf Udemy\demo-mvc\src\test\resources
2023-01-21 11:43:15,493 [Worker-45: Building] INFO  o.a.m.s.f.DefaultMavenResourcesFiltering - Copying 0 resource
2023-01-21 11:43:15,493 [Worker-45: Building] INFO  o.a.m.s.f.DefaultMavenResourcesFiltering - Copying 1 resource
2023-01-21 11:43:15,502 [Worker-45: Building] INFO  o.a.m.s.f.DefaultMavenResourcesFiltering - skip non existing resourceDirectory C:\Users\keity\OneDrive\햞ea de Trabalho\SpringBoot Thymeleaf Udemy\demo-mvc\src\test\resources
2023-01-21 20:41:28,206 [Worker-61: Building] INFO  o.e.m.c.i.l.LifecycleMappingFactory - Using org.eclipse.m2e.jdt.JarLifecycleMapping lifecycle mapping for MavenProject: com.mballem.curso.boot:demo-mvc:0.0.1-SNAPSHOT @ C:\Users\keity\OneDrive\햞ea de Trabalho\SpringBoot Thymeleaf Udemy\demo-mvc\pom.xml.
2023-01-21 20:41:35,637 [Worker-61: Building] INFO  o.a.m.s.f.DefaultMavenResourcesFiltering - Copying 0 resource
2023-01-21 20:41:35,639 [Worker-61: Building] INFO  o.a.m.s.f.DefaultMavenResourcesFiltering - Copying 0 resource
2023-01-21 20:41:35,646 [Worker-61: Building] INFO  o.a.m.s.f.DefaultMavenResourcesFiltering - skip non existing resourceDirectory C:\Users\keity\OneDrive\햞ea de Trabalho\SpringBoot Thymeleaf Udemy\demo-mvc\src\test\resources
2023-01-21 20:41:40,857 [Worker-57: Building] INFO  o.a.m.s.f.DefaultMavenResourcesFiltering - Copying 1 resource
2023-01-21 20:41:40,912 [Worker-57: Building] INFO  o.a.m.s.f.DefaultMavenResourcesFiltering - Copying 10 resources
2023-01-21 20:41:41,028 [Worker-57: Building] INFO  o.a.m.s.f.DefaultMavenResourcesFiltering - skip non existing resourceDirectory C:\Users\keity\OneDrive\햞ea de Trabalho\SpringBoot Thymeleaf Udemy\demo-mvc\src\test\resources
2023-01-21 21:10:11,927 [Worker-59: Building] INFO  o.a.m.s.f.DefaultMavenResourcesFiltering - Copying 1 resource
2023-01-21 21:10:12,372 [Worker-59: Building] INFO  o.a.m.s.f.DefaultMavenResourcesFiltering - Copying 10 resources
2023-01-21 21:10:12,397 [Worker-59: Building] INFO  o.a.m.s.f.DefaultMavenResourcesFiltering - skip non existing resourceDirectory C:\Users\keity\OneDrive\햞ea de Trabalho\SpringBoot Thymeleaf Udemy\demo-mvc\src\test\resources
2023-01-21 21:17:47,576 [Worker-69: Building] INFO  o.a.m.s.f.DefaultMavenResourcesFiltering - Copying 1 resource
2023-01-21 21:17:47,692 [Worker-69: Building] INFO  o.a.m.s.f.DefaultMavenResourcesFiltering - Copying 10 resources
2023-01-21 21:17:47,713 [Worker-69: Building] INFO  o.a.m.s.f.DefaultMavenResourcesFiltering - skip non existing resourceDirectory C:\Users\keity\OneDrive\햞ea de Trabalho\SpringBoot Thymeleaf Udemy\demo-mvc\src\test\resources
2023-01-21 21:40:08,271 [Worker-70: Building] INFO  o.a.m.s.f.DefaultMavenResourcesFiltering - Copying 1 resource
2023-01-21 21:40:08,594 [Worker-70: Building] INFO  o.a.m.s.f.DefaultMavenResourcesFiltering - Copying 10 resources
2023-01-21 21:40:08,635 [Worker-70: Building] INFO  o.a.m.s.f.DefaultMavenResourcesFiltering - skip non existing resourceDirectory C:\Users\keity\OneDrive\햞ea de Trabalho\SpringBoot Thymeleaf Udemy\demo-mvc\src\test\resources
2023-01-21 21:40:23,055 [Worker-64: Building] INFO  o.a.m.s.f.DefaultMavenResourcesFiltering - Copying 1 resource
2023-01-21 21:40:23,217 [Worker-64: Building] INFO  o.a.m.s.f.DefaultMavenResourcesFiltering - Copying 10 resources
2023-01-21 21:40:23,234 [Worker-64: Building] INFO  o.a.m.s.f.DefaultMavenResourcesFiltering - skip non existing resourceDirectory C:\Users\keity\OneDrive\햞ea de Trabalho\SpringBoot Thymeleaf Udemy\demo-mvc\src\test\resources
2023-01-21 21:46:59,408 [Worker-71: Building] INFO  o.a.m.s.f.DefaultMavenResourcesFiltering - Copying 1 resource
2023-01-21 21:46:59,527 [Worker-71: Building] INFO  o.a.m.s.f.DefaultMavenResourcesFiltering - Copying 10 resources
2023-01-21 21:46:59,547 [Worker-71: Building] INFO  o.a.m.s.f.DefaultMavenResourcesFiltering - skip non existing resourceDirectory C:\Users\keity\OneDrive\햞ea de Trabalho\SpringBoot Thymeleaf Udemy\demo-mvc\src\test\resources
2023-01-21 21:49:55,893 [Worker-72: Building] INFO  o.a.m.s.f.DefaultMavenResourcesFiltering - Copying 1 resource
2023-01-21 21:49:55,936 [Worker-72: Building] INFO  o.a.m.s.f.DefaultMavenResourcesFiltering - Copying 10 resources
2023-01-21 21:49:55,957 [Worker-72: Building] INFO  o.a.m.s.f.DefaultMavenResourcesFiltering - skip non existing resourceDirectory C:\Users\keity\OneDrive\햞ea de Trabalho\SpringBoot Thymeleaf Udemy\demo-mvc\src\test\resources
2023-01-23 19:28:29,113 [Worker-2: Loading available Gradle versions] INFO  o.e.b.c.i.u.g.PublishedGradleVersions - Gradle version information cache is out-of-date. Trying to update.
2023-01-25 17:59:15,658 [Worker-15: Building] INFO  o.a.m.s.f.DefaultMavenResourcesFiltering - Copying 1 resource
2023-01-25 17:59:15,899 [Worker-15: Building] INFO  o.a.m.s.f.DefaultMavenResourcesFiltering - Copying 10 resources
2023-01-25 17:59:15,929 [Worker-15: Building] INFO  o.a.m.s.f.DefaultMavenResourcesFiltering - skip non existing resourceDirectory C:\Users\keity\OneDrive\햞ea de Trabalho\SpringBoot Thymeleaf Udemy\demo-mvc\src\test\resources
2023-01-25 18:14:41,566 [Worker-18: Building] INFO  o.a.m.s.f.DefaultMavenResourcesFiltering - Copying 1 resource
2023-01-25 18:14:41,891 [Worker-18: Building] INFO  o.a.m.s.f.DefaultMavenResourcesFiltering - Copying 10 resources
2023-01-25 18:14:41,916 [Worker-18: Building] INFO  o.a.m.s.f.DefaultMavenResourcesFiltering - skip non existing resourceDirectory C:\Users\keity\OneDrive\햞ea de Trabalho\SpringBoot Thymeleaf Udemy\demo-mvc\src\test\resources
2023-01-25 18:15:32,620 [Worker-14: Building] INFO  o.a.m.s.f.DefaultMavenResourcesFiltering - Copying 1 resource
2023-01-25 18:15:33,004 [Worker-14: Building] INFO  o.a.m.s.f.DefaultMavenResourcesFiltering - Copying 10 resources
2023-01-25 18:15:33,062 [Worker-14: Building] INFO  o.a.m.s.f.DefaultMavenResourcesFiltering - skip non existing resourceDirectory C:\Users\keity\OneDrive\햞ea de Trabalho\SpringBoot Thymeleaf Udemy\demo-mvc\src\test\resources
2023-01-25 18:28:51,912 [Worker-19: Building] INFO  o.a.m.s.f.DefaultMavenResourcesFiltering - Copying 1 resource
2023-01-25 18:28:51,950 [Worker-19: Building] INFO  o.a.m.s.f.DefaultMavenResourcesFiltering - Copying 10 resources
2023-01-25 18:28:51,972 [Worker-19: Building] INFO  o.a.m.s.f.DefaultMavenResourcesFiltering - skip non existing resourceDirectory C:\Users\keity\OneDrive\햞ea de Trabalho\SpringBoot Thymeleaf Udemy\demo-mvc\src\test\resources
2023-01-25 18:35:40,396 [Worker-14: Building] INFO  o.a.m.s.f.DefaultMavenResourcesFiltering - Copying 1 resource
2023-01-25 18:35:40,704 [Worker-14: Building] INFO  o.a.m.s.f.DefaultMavenResourcesFiltering - Copying 10 resources
2023-01-25 18:35:40,723 [Worker-14: Building] INFO  o.a.m.s.f.DefaultMavenResourcesFiltering - skip non existing resourceDirectory C:\Users\keity\OneDrive\햞ea de Trabalho\SpringBoot Thymeleaf Udemy\demo-mvc\src\test\resources
2023-01-25 18:39:27,260 [Worker-18: Building] INFO  o.a.m.s.f.DefaultMavenResourcesFiltering - Copying 1 resource
2023-01-25 18:39:27,280 [Worker-18: Building] INFO  o.a.m.s.f.DefaultMavenResourcesFiltering - Copying 10 resources
2023-01-25 18:39:27,297 [Worker-18: Building] INFO  o.a.m.s.f.DefaultMavenResourcesFiltering - skip non existing resourceDirectory C:\Users\keity\OneDrive\햞ea de Trabalho\SpringBoot Thymeleaf Udemy\demo-mvc\src\test\resources
2023-01-25 18:40:43,593 [Worker-21: Building] INFO  o.a.m.s.f.DefaultMavenResourcesFiltering - Copying 1 resource
2023-01-25 18:40:43,609 [Worker-21: Building] INFO  o.a.m.s.f.DefaultMavenResourcesFiltering - Copying 10 resources
2023-01-25 18:40:43,625 [Worker-21: Building] INFO  o.a.m.s.f.DefaultMavenResourcesFiltering - skip non existing resourceDirectory C:\Users\keity\OneDrive\햞ea de Trabalho\SpringBoot Thymeleaf Udemy\demo-mvc\src\test\resources
2023-01-25 18:42:02,488 [Worker-19: Building] INFO  o.a.m.s.f.DefaultMavenResourcesFiltering - Copying 1 resource
2023-01-25 18:42:02,597 [Worker-19: Building] INFO  o.a.m.s.f.DefaultMavenResourcesFiltering - Copying 10 resources
2023-01-25 18:42:02,622 [Worker-19: Building] INFO  o.a.m.s.f.DefaultMavenResourcesFiltering - skip non existing resourceDirectory C:\Users\keity\OneDrive\햞ea de Trabalho\SpringBoot Thymeleaf Udemy\demo-mvc\src\test\resources
2023-01-25 18:43:03,141 [Worker-14: Building] INFO  o.a.m.s.f.DefaultMavenResourcesFiltering - Copying 1 resource
2023-01-25 18:43:03,320 [Worker-14: Building] INFO  o.a.m.s.f.DefaultMavenResourcesFiltering - Copying 10 resources
2023-01-25 18:43:03,353 [Worker-14: Building] INFO  o.a.m.s.f.DefaultMavenResourcesFiltering - skip non existing resourceDirectory C:\Users\keity\OneDrive\햞ea de Trabalho\SpringBoot Thymeleaf Udemy\demo-mvc\src\test\resources
2023-01-25 18:47:37,484 [Worker-21: Building] INFO  o.a.m.s.f.DefaultMavenResourcesFiltering - Copying 1 resource
2023-01-25 18:47:37,529 [Worker-21: Building] INFO  o.a.m.s.f.DefaultMavenResourcesFiltering - Copying 10 resources
2023-01-25 18:47:37,548 [Worker-21: Building] INFO  o.a.m.s.f.DefaultMavenResourcesFiltering - skip non existing resourceDirectory C:\Users\keity\OneDrive\햞ea de Trabalho\SpringBoot Thymeleaf Udemy\demo-mvc\src\test\resources
2023-01-25 18:53:14,949 [Worker-14: Building] INFO  o.a.m.s.f.DefaultMavenResourcesFiltering - Copying 1 resource
2023-01-25 18:53:15,086 [Worker-14: Building] INFO  o.a.m.s.f.DefaultMavenResourcesFiltering - Copying 10 resources
2023-01-25 18:53:15,113 [Worker-14: Building] INFO  o.a.m.s.f.DefaultMavenResourcesFiltering - skip non existing resourceDirectory C:\Users\keity\OneDrive\햞ea de Trabalho\SpringBoot Thymeleaf Udemy\demo-mvc\src\test\resources
2023-01-25 18:59:30,458 [Worker-21: Building] INFO  o.a.m.s.f.DefaultMavenResourcesFiltering - Copying 1 resource
2023-01-25 18:59:30,734 [Worker-21: Building] INFO  o.a.m.s.f.DefaultMavenResourcesFiltering - Copying 10 resources
2023-01-25 18:59:30,771 [Worker-21: Building] INFO  o.a.m.s.f.DefaultMavenResourcesFiltering - skip non existing resourceDirectory C:\Users\keity\OneDrive\햞ea de Trabalho\SpringBoot Thymeleaf Udemy\demo-mvc\src\test\resources
2023-01-25 19:00:47,788 [Worker-20: Building] INFO  o.a.m.s.f.DefaultMavenResourcesFiltering - Copying 1 resource
2023-01-25 19:00:47,843 [Worker-20: Building] INFO  o.a.m.s.f.DefaultMavenResourcesFiltering - Copying 10 resources
2023-01-25 19:00:47,862 [Worker-20: Building] INFO  o.a.m.s.f.DefaultMavenResourcesFiltering - skip non existing resourceDirectory C:\Users\keity\OneDrive\햞ea de Trabalho\SpringBoot Thymeleaf Udemy\demo-mvc\src\test\resources
2023-01-25 19:01:03,635 [Worker-18: Building] INFO  o.a.m.s.f.DefaultMavenResourcesFiltering - Copying 1 resource
2023-01-25 19:01:03,748 [Worker-18: Building] INFO  o.a.m.s.f.DefaultMavenResourcesFiltering - Copying 10 resources
2023-01-25 19:01:03,762 [Worker-18: Building] INFO  o.a.m.s.f.DefaultMavenResourcesFiltering - skip non existing resourceDirectory C:\Users\keity\OneDrive\햞ea de Trabalho\SpringBoot Thymeleaf Udemy\demo-mvc\src\test\resources
2023-01-26 16:42:40,912 [Worker-22: Building] INFO  o.a.m.s.f.DefaultMavenResourcesFiltering - Copying 1 resource
2023-01-26 16:42:41,308 [Worker-22: Building] INFO  o.a.m.s.f.DefaultMavenResourcesFiltering - Copying 10 resources
2023-01-26 16:42:41,334 [Worker-22: Building] INFO  o.a.m.s.f.DefaultMavenResourcesFiltering - skip non existing resourceDirectory C:\Users\keity\OneDrive\햞ea de Trabalho\SpringBoot Thymeleaf Udemy\demo-mvc\src\test\resources
2023-01-26 16:43:29,707 [Worker-23: Building] INFO  o.a.m.s.f.DefaultMavenResourcesFiltering - Copying 1 resource
2023-01-26 16:43:29,776 [Worker-23: Building] INFO  o.a.m.s.f.DefaultMavenResourcesFiltering - Copying 10 resources
2023-01-26 16:43:29,865 [Worker-23: Building] INFO  o.a.m.s.f.DefaultMavenResourcesFiltering - skip non existing resourceDirectory C:\Users\keity\OneDrive\햞ea de Trabalho\SpringBoot Thymeleaf Udemy\demo-mvc\src\test\resources
2023-01-26 17:03:07,769 [Worker-24: Building] INFO  o.a.m.s.f.DefaultMavenResourcesFiltering - Copying 1 resource
2023-01-26 17:03:07,897 [Worker-24: Building] INFO  o.a.m.s.f.DefaultMavenResourcesFiltering - Copying 10 resources
2023-01-26 17:03:07,914 [Worker-24: Building] INFO  o.a.m.s.f.DefaultMavenResourcesFiltering - skip non existing resourceDirectory C:\Users\keity\OneDrive\햞ea de Trabalho\SpringBoot Thymeleaf Udemy\demo-mvc\src\test\resources
2023-01-31 17:03:25,895 [Worker-2: Loading available Gradle versions] INFO  o.e.b.c.i.u.g.PublishedGradleVersions - Gradle version information cache is out-of-date. Trying to update.
2023-01-31 17:09:00,548 [Worker-9: Building] INFO  o.a.m.s.f.DefaultMavenResourcesFiltering - Copying 1 resource
2023-01-31 17:09:00,600 [Worker-9: Building] INFO  o.a.m.s.f.DefaultMavenResourcesFiltering - Copying 10 resources
2023-01-31 17:09:00,921 [Worker-9: Building] INFO  o.a.m.s.f.DefaultMavenResourcesFiltering - skip non existing resourceDirectory C:\Users\keity\OneDrive\햞ea de Trabalho\SpringBoot Thymeleaf Udemy\demo-mvc\src\test\resources
2023-01-31 17:37:54,545 [Worker-15: Building] INFO  o.a.m.s.f.DefaultMavenResourcesFiltering - Copying 1 resource
2023-01-31 17:37:54,564 [Worker-15: Building] INFO  o.a.m.s.f.DefaultMavenResourcesFiltering - Copying 10 resources
2023-01-31 17:37:54,584 [Worker-15: Building] INFO  o.a.m.s.f.DefaultMavenResourcesFiltering - skip non existing resourceDirectory C:\Users\keity\OneDrive\햞ea de Trabalho\SpringBoot Thymeleaf Udemy\demo-mvc\src\test\resources
2023-01-31 17:45:04,713 [Worker-15: Building] INFO  o.a.m.s.f.DefaultMavenResourcesFiltering - Copying 1 resource
2023-01-31 17:45:04,731 [Worker-15: Building] INFO  o.a.m.s.f.DefaultMavenResourcesFiltering - Copying 10 resources
2023-01-31 17:45:04,749 [Worker-15: Building] INFO  o.a.m.s.f.DefaultMavenResourcesFiltering - skip non existing resourceDirectory C:\Users\keity\OneDrive\햞ea de Trabalho\SpringBoot Thymeleaf Udemy\demo-mvc\src\test\resources
2023-01-31 19:46:40,741 [Worker-17: Building] INFO  o.a.m.s.f.DefaultMavenResourcesFiltering - Copying 1 resource
2023-01-31 19:46:40,778 [Worker-17: Building] INFO  o.a.m.s.f.DefaultMavenResourcesFiltering - Copying 0 resource
2023-01-31 19:46:40,788 [Worker-17: Building] INFO  o.a.m.s.f.DefaultMavenResourcesFiltering - skip non existing resourceDirectory C:\Users\keity\OneDrive\햞ea de Trabalho\SpringBoot Thymeleaf Udemy\demo-mvc\src\test\resources
2023-01-31 20:03:28,888 [Worker-30: Building] INFO  o.e.m.c.i.l.LifecycleMappingFactory - Using org.eclipse.m2e.jdt.JarLifecycleMapping lifecycle mapping for MavenProject: com.mballem.curso.boot:demo-mvc:0.0.1-SNAPSHOT @ C:\Users\keity\OneDrive\햞ea de Trabalho\SpringBoot Thymeleaf Udemy\demo-mvc\pom.xml.
2023-01-31 20:03:29,407 [Worker-30: Building] WARN  o.e.m.c.i.embedder.EclipseLogger - The artifact mysql:mysql-connector-java:jar:8.0.31 has been relocated to com.mysql:mysql-connector-j:jar:8.0.31: MySQL Connector/J artifacts moved to reverse-DNS compliant Maven 2+ coordinates.
2023-01-31 20:03:32,954 [Worker-30: Building] INFO  o.a.m.s.f.DefaultMavenResourcesFiltering - Copying 1 resource
2023-01-31 20:03:33,070 [Worker-30: Building] INFO  o.a.m.s.f.DefaultMavenResourcesFiltering - skip non existing resourceDirectory C:\Users\keity\OneDrive\햞ea de Trabalho\SpringBoot Thymeleaf Udemy\demo-mvc\src\test\resources
2023-01-31 20:03:37,304 [Worker-30: Building] INFO  o.a.m.s.f.DefaultMavenResourcesFiltering - Copying 1 resource
2023-01-31 20:03:37,358 [Worker-30: Building] INFO  o.a.m.s.f.DefaultMavenResourcesFiltering - skip non existing resourceDirectory C:\Users\keity\OneDrive\햞ea de Trabalho\SpringBoot Thymeleaf Udemy\demo-mvc\src\test\resources
2023-01-31 20:04:30,276 [Worker-29: Building] INFO  o.e.m.c.i.l.LifecycleMappingFactory - Using org.eclipse.m2e.jdt.JarLifecycleMapping lifecycle mapping for MavenProject: com.mballem.curso.boot:demo-mvc:0.0.1-SNAPSHOT @ C:\Users\keity\OneDrive\햞ea de Trabalho\SpringBoot Thymeleaf Udemy\demo-mvc\pom.xml.
2023-01-31 20:04:30,684 [Worker-29: Building] WARN  o.e.m.c.i.embedder.EclipseLogger - The artifact mysql:mysql-connector-java:jar:8.0.31 has been relocated to com.mysql:mysql-connector-j:jar:8.0.31: MySQL Connector/J artifacts moved to reverse-DNS compliant Maven 2+ coordinates.
2023-01-31 20:04:31,435 [Worker-29: Building] INFO  o.a.m.s.f.DefaultMavenResourcesFiltering - Copying 0 resource
2023-01-31 20:04:31,436 [Worker-29: Building] INFO  o.a.m.s.f.DefaultMavenResourcesFiltering - Copying 0 resource
2023-01-31 20:04:31,442 [Worker-29: Building] INFO  o.a.m.s.f.DefaultMavenResourcesFiltering - skip non existing resourceDirectory C:\Users\keity\OneDrive\햞ea de Trabalho\SpringBoot Thymeleaf Udemy\demo-mvc\src\test\resources
2023-01-31 20:04:33,656 [Worker-32: Building] INFO  o.a.m.s.f.DefaultMavenResourcesFiltering - Copying 1 resource
2023-01-31 20:04:33,905 [Worker-32: Building] INFO  o.a.m.s.f.DefaultMavenResourcesFiltering - skip non existing resourceDirectory C:\Users\keity\OneDrive\햞ea de Trabalho\SpringBoot Thymeleaf Udemy\demo-mvc\src\test\resources
2023-01-31 20:08:31,020 [Worker-32: Building] INFO  o.a.m.s.f.DefaultMavenResourcesFiltering - Copying 1 resource
2023-01-31 20:08:31,034 [Worker-32: Building] INFO  o.a.m.s.f.DefaultMavenResourcesFiltering - skip non existing resourceDirectory C:\Users\keity\OneDrive\햞ea de Trabalho\SpringBoot Thymeleaf Udemy\demo-mvc\src\test\resources
2023-01-31 20:10:47,472 [Worker-34: Building] INFO  o.a.m.s.f.DefaultMavenResourcesFiltering - Copying 1 resource
2023-01-31 20:10:47,498 [Worker-34: Building] INFO  o.a.m.s.f.DefaultMavenResourcesFiltering - skip non existing resourceDirectory C:\Users\keity\OneDrive\햞ea de Trabalho\SpringBoot Thymeleaf Udemy\demo-mvc\src\test\resources
2023-01-31 20:13:08,611 [Worker-35: Building] INFO  o.a.m.s.f.DefaultMavenResourcesFiltering - Copying 1 resource
2023-01-31 20:13:08,860 [Worker-35: Building] INFO  o.a.m.s.f.DefaultMavenResourcesFiltering - skip non existing resourceDirectory C:\Users\keity\OneDrive\햞ea de Trabalho\SpringBoot Thymeleaf Udemy\demo-mvc\src\test\resources
2023-01-31 20:23:48,473 [Worker-33: Building] INFO  o.a.m.s.f.DefaultMavenResourcesFiltering - Copying 1 resource
2023-01-31 20:23:48,494 [Worker-33: Building] INFO  o.a.m.s.f.DefaultMavenResourcesFiltering - skip non existing resourceDirectory C:\Users\keity\OneDrive\햞ea de Trabalho\SpringBoot Thymeleaf Udemy\demo-mvc\src\test\resources
2023-01-31 20:29:58,665 [Worker-35: Building] INFO  o.a.m.s.f.DefaultMavenResourcesFiltering - Copying 1 resource
2023-01-31 20:29:58,729 [Worker-35: Building] INFO  o.a.m.s.f.DefaultMavenResourcesFiltering - skip non existing resourceDirectory C:\Users\keity\OneDrive\햞ea de Trabalho\SpringBoot Thymeleaf Udemy\demo-mvc\src\test\resources
